[      63ms] [ERROR] Failed to load resource: the server responded with a status of 504 (Outdated Optimize Dep) @ http://localhost:4321/@id/astro/runtime/client/dev-toolbar/entrypoint.js:0
[      79ms] [ERROR] Failed to load resource: the server responded with a status of 404 (Not Found) @ http://localhost:4321/favicon.ico:0
[      86ms] [WARNING] [Vue warn]: Hydration attribute mismatch on JSHandle@node 
  - rendered on server: (not rendered)
  - expected on client: slot="actions"
  Note: this mismatch is check-only. The DOM will not be rectified in production due to performance overhead.
  You should fix the source of the mismatch. 
  at <Button slot="actions" variant="tertiary" size="md"  ... > 
  at <App> @ http://localhost:4321/node_modules/.vite/deps/chunk-6GZIJ5RA.js?v=4f60b946:2404
[      86ms] [ERROR] Hydration completed but contains mismatches. @ http://localhost:4321/node_modules/.vite/deps/chunk-6GZIJ5RA.js?v=4f60b946:4240
[      87ms] [WARNING] [Vue warn]: Hydration attribute mismatch on JSHandle@node 
  - rendered on server: (not rendered)
  - expected on client: slot="actions"
  Note: this mismatch is check-only. The DOM will not be rectified in production due to performance overhead.
  You should fix the source of the mismatch. 
  at <Button slot="actions" variant="primary" size="md"  ... > 
  at <App> @ http://localhost:4321/node_modules/.vite/deps/chunk-6GZIJ5RA.js?v=4f60b946:2404
[      87ms] [WARNING] [Vue warn]: Hydration attribute mismatch on JSHandle@node 
  - rendered on server: (not rendered)
  - expected on client: slot="actions"
  Note: this mismatch is check-only. The DOM will not be rectified in production due to performance overhead.
  You should fix the source of the mismatch. 
  at <Button slot="actions" variant="secondary" size="md"  ... > 
  at <App> @ http://localhost:4321/node_modules/.vite/deps/chunk-6GZIJ5RA.js?v=4f60b946:2404
[      87ms] [WARNING] [Vue warn]: Hydration attribute mismatch on JSHandle@node 
  - rendered on server: (not rendered)
  - expected on client: slot="actions"
  Note: this mismatch is check-only. The DOM will not be rectified in production due to performance overhead.
  You should fix the source of the mismatch. 
  at <Button slot="actions" variant="primary" size="md"  ... > 
  at <App> @ http://localhost:4321/node_modules/.vite/deps/chunk-6GZIJ5RA.js?v=4f60b946:2404
[      88ms] [WARNING] [Vue warn]: Hydration attribute mismatch on JSHandle@node 
  - rendered on server: (not rendered)
  - expected on client: slot="actions"
  Note: this mismatch is check-only. The DOM will not be rectified in production due to performance overhead.
  You should fix the source of the mismatch. 
  at <Button slot="actions" variant="secondary" size="md"  ... > 
  at <App> @ http://localhost:4321/node_modules/.vite/deps/chunk-6GZIJ5RA.js?v=4f60b946:2404
[   68525ms] [ERROR] Failed to load resource: the server responded with a status of 504 (Outdated Optimize Dep) @ http://localhost:4321/@id/astro/runtime/client/dev-toolbar/entrypoint.js:0
[   68534ms] [WARNING] [Vue warn]: Hydration attribute mismatch on JSHandle@node 
  - rendered on server: (not rendered)
  - expected on client: slot="actions"
  Note: this mismatch is check-only. The DOM will not be rectified in production due to performance overhead.
  You should fix the source of the mismatch. 
  at <Button slot="actions" variant="secondary" size="md"  ... > 
  at <App> @ http://localhost:4321/node_modules/.vite/deps/chunk-6GZIJ5RA.js?v=4f60b946:2404
[   68534ms] [ERROR] Hydration completed but contains mismatches. @ http://localhost:4321/node_modules/.vite/deps/chunk-6GZIJ5RA.js?v=4f60b946:4240
[   68534ms] [WARNING] [Vue warn]: Hydration attribute mismatch on JSHandle@node 
  - rendered on server: (not rendered)
  - expected on client: slot="actions"
  Note: this mismatch is check-only. The DOM will not be rectified in production due to performance overhead.
  You should fix the source of the mismatch. 
  at <Button slot="actions" variant="primary" size="md"  ... > 
  at <App> @ http://localhost:4321/node_modules/.vite/deps/chunk-6GZIJ5RA.js?v=4f60b946:2404
[   68534ms] [WARNING] [Vue warn]: Hydration attribute mismatch on JSHandle@node 
  - rendered on server: (not rendered)
  - expected on client: slot="actions"
  Note: this mismatch is check-only. The DOM will not be rectified in production due to performance overhead.
  You should fix the source of the mismatch. 
  at <Button slot="actions" variant="tertiary" size="md"  ... > 
  at <App> @ http://localhost:4321/node_modules/.vite/deps/chunk-6GZIJ5RA.js?v=4f60b946:2404
[   68534ms] [WARNING] [Vue warn]: Hydration attribute mismatch on JSHandle@node 
  - rendered on server: (not rendered)
  - expected on client: slot="actions"
  Note: this mismatch is check-only. The DOM will not be rectified in production due to performance overhead.
  You should fix the source of the mismatch. 
  at <Button slot="actions" variant="secondary" size="md"  ... > 
  at <App> @ http://localhost:4321/node_modules/.vite/deps/chunk-6GZIJ5RA.js?v=4f60b946:2404
[   68535ms] [WARNING] [Vue warn]: Hydration attribute mismatch on JSHandle@node 
  - rendered on server: (not rendered)
  - expected on client: slot="actions"
  Note: this mismatch is check-only. The DOM will not be rectified in production due to performance overhead.
  You should fix the source of the mismatch. 
  at <Button slot="actions" variant="primary" size="md"  ... > 
  at <App> @ http://localhost:4321/node_modules/.vite/deps/chunk-6GZIJ5RA.js?v=4f60b946:2404
