[     433ms] [ERROR] Failed to load resource: the server responded with a status of 504 (Outdated Optimize Dep) @ http://localhost:4322/@id/astro/runtime/client/dev-toolbar/entrypoint.js:0
[     493ms] [WARNING] [Vue warn]: Hydration attribute mismatch on JSHandle@node 
  - rendered on server: (not rendered)
  - expected on client: slot="actions"
  Note: this mismatch is check-only. The DOM will not be rectified in production due to performance overhead.
  You should fix the source of the mismatch. 
  at <Button slot="actions" variant="secondary" size="lg"  ... > 
  at <App> @ http://localhost:4322/node_modules/.vite/deps/chunk-S7BDWQ5K.js?v=5e1632e5:2224
[     493ms] [ERROR] Hydration completed but contains mismatches. @ http://localhost:4322/node_modules/.vite/deps/chunk-S7BDWQ5K.js?v=5e1632e5:4060
[     494ms] [WARNING] [Vue warn]: Hydration attribute mismatch on JSHandle@node 
  - rendered on server: (not rendered)
  - expected on client: slot="actions"
  Note: this mismatch is check-only. The DOM will not be rectified in production due to performance overhead.
  You should fix the source of the mismatch. 
  at <Button slot="actions" variant="primary" size="lg"  ... > 
  at <App> @ http://localhost:4322/node_modules/.vite/deps/chunk-S7BDWQ5K.js?v=5e1632e5:2224
[     494ms] [WARNING] [Vue warn]: Hydration attribute mismatch on JSHandle@node 
  - rendered on server: (not rendered)
  - expected on client: slot="actions"
  Note: this mismatch is check-only. The DOM will not be rectified in production due to performance overhead.
  You should fix the source of the mismatch. 
  at <Button slot="actions" variant="primary" size="lg"  ... > 
  at <App> @ http://localhost:4322/node_modules/.vite/deps/chunk-S7BDWQ5K.js?v=5e1632e5:2224
[     495ms] [WARNING] [Vue warn]: Hydration attribute mismatch on JSHandle@node 
  - rendered on server: (not rendered)
  - expected on client: slot="actions"
  Note: this mismatch is check-only. The DOM will not be rectified in production due to performance overhead.
  You should fix the source of the mismatch. 
  at <Button slot="actions" variant="secondary" size="lg"  ... > 
  at <App> @ http://localhost:4322/node_modules/.vite/deps/chunk-S7BDWQ5K.js?v=5e1632e5:2224
