[      97ms] [WARNING] [Vue warn]: Hydration attribute mismatch on JSHandle@node 
  - rendered on server: (not rendered)
  - expected on client: slot="actions"
  Note: this mismatch is check-only. The DOM will not be rectified in production due to performance overhead.
  You should fix the source of the mismatch. 
  at <Button slot="actions" variant="tertiary" size="md"  ... > 
  at <App> @ http://localhost:4321/node_modules/.vite/deps/chunk-6GZIJ5RA.js?v=4f60b946:2404
[      97ms] [ERROR] Hydration completed but contains mismatches. @ http://localhost:4321/node_modules/.vite/deps/chunk-6GZIJ5RA.js?v=4f60b946:4240
[      97ms] [WARNING] [Vue warn]: Hydration attribute mismatch on JSHandle@node 
  - rendered on server: (not rendered)
  - expected on client: slot="actions"
  Note: this mismatch is check-only. The DOM will not be rectified in production due to performance overhead.
  You should fix the source of the mismatch. 
  at <Button slot="actions" variant="primary" size="md"  ... > 
  at <App> @ http://localhost:4321/node_modules/.vite/deps/chunk-6GZIJ5RA.js?v=4f60b946:2404
[      97ms] [WARNING] [Vue warn]: Hydration attribute mismatch on JSHandle@node 
  - rendered on server: (not rendered)
  - expected on client: slot="actions"
  Note: this mismatch is check-only. The DOM will not be rectified in production due to performance overhead.
  You should fix the source of the mismatch. 
  at <Button slot="actions" variant="secondary" size="md"  ... > 
  at <App> @ http://localhost:4321/node_modules/.vite/deps/chunk-6GZIJ5RA.js?v=4f60b946:2404
[      97ms] [WARNING] [Vue warn]: Hydration attribute mismatch on JSHandle@node 
  - rendered on server: (not rendered)
  - expected on client: slot="actions"
  Note: this mismatch is check-only. The DOM will not be rectified in production due to performance overhead.
  You should fix the source of the mismatch. 
  at <Button slot="actions" variant="secondary" size="md"  ... > 
  at <App> @ http://localhost:4321/node_modules/.vite/deps/chunk-6GZIJ5RA.js?v=4f60b946:2404
[      98ms] [WARNING] [Vue warn]: Hydration attribute mismatch on JSHandle@node 
  - rendered on server: (not rendered)
  - expected on client: slot="actions"
  Note: this mismatch is check-only. The DOM will not be rectified in production due to performance overhead.
  You should fix the source of the mismatch. 
  at <Button slot="actions" variant="primary" size="md"  ... > 
  at <App> @ http://localhost:4321/node_modules/.vite/deps/chunk-6GZIJ5RA.js?v=4f60b946:2404
[   21538ms] [LOG] [vite] server connection lost. Polling for restart... @ http://localhost:4321/@vite/client:1598
[   21631ms] [WARNING] [Vue warn]: Hydration attribute mismatch on JSHandle@node 
  - rendered on server: (not rendered)
  - expected on client: slot="actions"
  Note: this mismatch is check-only. The DOM will not be rectified in production due to performance overhead.
  You should fix the source of the mismatch. 
  at <Button slot="actions" variant="secondary" size="md"  ... > 
  at <App> @ http://localhost:4321/node_modules/.vite/deps/chunk-6GZIJ5RA.js?v=4f60b946:2404
[   21631ms] [ERROR] Hydration completed but contains mismatches. @ http://localhost:4321/node_modules/.vite/deps/chunk-6GZIJ5RA.js?v=4f60b946:4240
[   21632ms] [WARNING] [Vue warn]: Hydration attribute mismatch on JSHandle@node 
  - rendered on server: (not rendered)
  - expected on client: slot="actions"
  Note: this mismatch is check-only. The DOM will not be rectified in production due to performance overhead.
  You should fix the source of the mismatch. 
  at <Button slot="actions" variant="primary" size="md"  ... > 
  at <App> @ http://localhost:4321/node_modules/.vite/deps/chunk-6GZIJ5RA.js?v=4f60b946:2404
[   21632ms] [WARNING] [Vue warn]: Hydration attribute mismatch on JSHandle@node 
  - rendered on server: (not rendered)
  - expected on client: slot="actions"
  Note: this mismatch is check-only. The DOM will not be rectified in production due to performance overhead.
  You should fix the source of the mismatch. 
  at <Button slot="actions" variant="tertiary" size="md"  ... > 
  at <App> @ http://localhost:4321/node_modules/.vite/deps/chunk-6GZIJ5RA.js?v=4f60b946:2404
[   21632ms] [WARNING] [Vue warn]: Hydration attribute mismatch on JSHandle@node 
  - rendered on server: (not rendered)
  - expected on client: slot="actions"
  Note: this mismatch is check-only. The DOM will not be rectified in production due to performance overhead.
  You should fix the source of the mismatch. 
  at <Button slot="actions" variant="primary" size="md"  ... > 
  at <App> @ http://localhost:4321/node_modules/.vite/deps/chunk-6GZIJ5RA.js?v=4f60b946:2404
[   21633ms] [WARNING] [Vue warn]: Hydration attribute mismatch on JSHandle@node 
  - rendered on server: (not rendered)
  - expected on client: slot="actions"
  Note: this mismatch is check-only. The DOM will not be rectified in production due to performance overhead.
  You should fix the source of the mismatch. 
  at <Button slot="actions" variant="secondary" size="md"  ... > 
  at <App> @ http://localhost:4321/node_modules/.vite/deps/chunk-6GZIJ5RA.js?v=4f60b946:2404
[   21941ms] [WARNING] [Vue warn]: Hydration attribute mismatch on JSHandle@node 
  - rendered on server: (not rendered)
  - expected on client: slot="actions"
  Note: this mismatch is check-only. The DOM will not be rectified in production due to performance overhead.
  You should fix the source of the mismatch. 
  at <Button slot="actions" variant="secondary" size="md"  ... > 
  at <App> @ http://localhost:4321/node_modules/.vite/deps/chunk-6GZIJ5RA.js?v=4f60b946:2404
[   21941ms] [ERROR] Hydration completed but contains mismatches. @ http://localhost:4321/node_modules/.vite/deps/chunk-6GZIJ5RA.js?v=4f60b946:4240
[   21942ms] [WARNING] [Vue warn]: Hydration attribute mismatch on JSHandle@node 
  - rendered on server: (not rendered)
  - expected on client: slot="actions"
  Note: this mismatch is check-only. The DOM will not be rectified in production due to performance overhead.
  You should fix the source of the mismatch. 
  at <Button slot="actions" variant="primary" size="md"  ... > 
  at <App> @ http://localhost:4321/node_modules/.vite/deps/chunk-6GZIJ5RA.js?v=4f60b946:2404
[   21942ms] [WARNING] [Vue warn]: Hydration attribute mismatch on JSHandle@node 
  - rendered on server: (not rendered)
  - expected on client: slot="actions"
  Note: this mismatch is check-only. The DOM will not be rectified in production due to performance overhead.
  You should fix the source of the mismatch. 
  at <Button slot="actions" variant="tertiary" size="md"  ... > 
  at <App> @ http://localhost:4321/node_modules/.vite/deps/chunk-6GZIJ5RA.js?v=4f60b946:2404
[   21942ms] [WARNING] [Vue warn]: Hydration attribute mismatch on JSHandle@node 
  - rendered on server: (not rendered)
  - expected on client: slot="actions"
  Note: this mismatch is check-only. The DOM will not be rectified in production due to performance overhead.
  You should fix the source of the mismatch. 
  at <Button slot="actions" variant="secondary" size="md"  ... > 
  at <App> @ http://localhost:4321/node_modules/.vite/deps/chunk-6GZIJ5RA.js?v=4f60b946:2404
[   21942ms] [WARNING] [Vue warn]: Hydration attribute mismatch on JSHandle@node 
  - rendered on server: (not rendered)
  - expected on client: slot="actions"
  Note: this mismatch is check-only. The DOM will not be rectified in production due to performance overhead.
  You should fix the source of the mismatch. 
  at <Button slot="actions" variant="primary" size="md"  ... > 
  at <App> @ http://localhost:4321/node_modules/.vite/deps/chunk-6GZIJ5RA.js?v=4f60b946:2404
[   52078ms] [WARNING] [Vue warn]: Hydration attribute mismatch on JSHandle@node 
  - rendered on server: (not rendered)
  - expected on client: slot="actions"
  Note: this mismatch is check-only. The DOM will not be rectified in production due to performance overhead.
  You should fix the source of the mismatch. 
  at <Button slot="actions" variant="secondary" size="md"  ... > 
  at <App> @ http://localhost:4321/node_modules/.vite/deps/chunk-6GZIJ5RA.js?v=4f60b946:2404
[   52078ms] [ERROR] Hydration completed but contains mismatches. @ http://localhost:4321/node_modules/.vite/deps/chunk-6GZIJ5RA.js?v=4f60b946:4240
[   52078ms] [WARNING] [Vue warn]: Hydration attribute mismatch on JSHandle@node 
  - rendered on server: (not rendered)
  - expected on client: slot="actions"
  Note: this mismatch is check-only. The DOM will not be rectified in production due to performance overhead.
  You should fix the source of the mismatch. 
  at <Button slot="actions" variant="secondary" size="md"  ... > 
  at <App> @ http://localhost:4321/node_modules/.vite/deps/chunk-6GZIJ5RA.js?v=4f60b946:2404
[   52078ms] [WARNING] [Vue warn]: Hydration attribute mismatch on JSHandle@node 
  - rendered on server: (not rendered)
  - expected on client: slot="actions"
  Note: this mismatch is check-only. The DOM will not be rectified in production due to performance overhead.
  You should fix the source of the mismatch. 
  at <Button slot="actions" variant="primary" size="md"  ... > 
  at <App> @ http://localhost:4321/node_modules/.vite/deps/chunk-6GZIJ5RA.js?v=4f60b946:2404
[   52078ms] [WARNING] [Vue warn]: Hydration attribute mismatch on JSHandle@node 
  - rendered on server: (not rendered)
  - expected on client: slot="actions"
  Note: this mismatch is check-only. The DOM will not be rectified in production due to performance overhead.
  You should fix the source of the mismatch. 
  at <Button slot="actions" variant="tertiary" size="md"  ... > 
  at <App> @ http://localhost:4321/node_modules/.vite/deps/chunk-6GZIJ5RA.js?v=4f60b946:2404
[   52079ms] [WARNING] [Vue warn]: Hydration attribute mismatch on JSHandle@node 
  - rendered on server: (not rendered)
  - expected on client: slot="actions"
  Note: this mismatch is check-only. The DOM will not be rectified in production due to performance overhead.
  You should fix the source of the mismatch. 
  at <Button slot="actions" variant="primary" size="md"  ... > 
  at <App> @ http://localhost:4321/node_modules/.vite/deps/chunk-6GZIJ5RA.js?v=4f60b946:2404
[  120170ms] [ERROR] Failed to load resource: the server responded with a status of 400 (Bad Request) @ http://localhost:4321/fonts/DIN/FF_DIN_Medium.woff2:0
[  134134ms] [WARNING] [Vue warn]: Hydration attribute mismatch on JSHandle@node 
  - rendered on server: (not rendered)
  - expected on client: slot="actions"
  Note: this mismatch is check-only. The DOM will not be rectified in production due to performance overhead.
  You should fix the source of the mismatch. 
  at <Button slot="actions" variant="primary" size="md"  ... > 
  at <App> @ http://localhost:4321/node_modules/.vite/deps/chunk-6GZIJ5RA.js?v=4f60b946:2404
[  134134ms] [ERROR] Hydration completed but contains mismatches. @ http://localhost:4321/node_modules/.vite/deps/chunk-6GZIJ5RA.js?v=4f60b946:4240
[  134134ms] [WARNING] [Vue warn]: Hydration attribute mismatch on JSHandle@node 
  - rendered on server: (not rendered)
  - expected on client: slot="actions"
  Note: this mismatch is check-only. The DOM will not be rectified in production due to performance overhead.
  You should fix the source of the mismatch. 
  at <Button slot="actions" variant="secondary" size="md"  ... > 
  at <App> @ http://localhost:4321/node_modules/.vite/deps/chunk-6GZIJ5RA.js?v=4f60b946:2404
[  134135ms] [WARNING] [Vue warn]: Hydration attribute mismatch on JSHandle@node 
  - rendered on server: (not rendered)
  - expected on client: slot="actions"
  Note: this mismatch is check-only. The DOM will not be rectified in production due to performance overhead.
  You should fix the source of the mismatch. 
  at <Button slot="actions" variant="primary" size="md"  ... > 
  at <App> @ http://localhost:4321/node_modules/.vite/deps/chunk-6GZIJ5RA.js?v=4f60b946:2404
[  134135ms] [WARNING] [Vue warn]: Hydration attribute mismatch on JSHandle@node 
  - rendered on server: (not rendered)
  - expected on client: slot="actions"
  Note: this mismatch is check-only. The DOM will not be rectified in production due to performance overhead.
  You should fix the source of the mismatch. 
  at <Button slot="actions" variant="tertiary" size="md"  ... > 
  at <App> @ http://localhost:4321/node_modules/.vite/deps/chunk-6GZIJ5RA.js?v=4f60b946:2404
[  134135ms] [WARNING] [Vue warn]: Hydration attribute mismatch on JSHandle@node 
  - rendered on server: (not rendered)
  - expected on client: slot="actions"
  Note: this mismatch is check-only. The DOM will not be rectified in production due to performance overhead.
  You should fix the source of the mismatch. 
  at <Button slot="actions" variant="secondary" size="md"  ... > 
  at <App> @ http://localhost:4321/node_modules/.vite/deps/chunk-6GZIJ5RA.js?v=4f60b946:2404
