[    1612ms] [ERROR] Failed to load resource: the server responded with a status of 500 (Internal Server Error) @ http://localhost:4321/sandbox/section-navigator:0
[   29540ms] [ERROR] Failed to load resource: the server responded with a status of 504 (Outdated Optimize Dep) @ http://localhost:4321/node_modules/.vite/deps/settings-RMTNMYGL.js?v=15d6e3fc:0
[   29542ms] Failed to fetch dynamically imported module: http://localhost:4321/node_modules/.vite/deps/settings-RMTNMYGL.js?v=15d6e3fc
[   29542ms] [ERROR] Failed to load resource: the server responded with a status of 504 (Outdated Optimize Dep) @ http://localhost:4321/node_modules/.vite/deps/ui-library-RNQTDCYV.js?v=15d6e3fc:0
[   29543ms] [ERROR] Failed to load resource: the server responded with a status of 504 (Outdated Optimize Dep) @ http://localhost:4321/node_modules/.vite/deps/astro-FVRC6JQ4.js?v=15d6e3fc:0
[   29543ms] [ERROR] Failed to load resource: the server responded with a status of 504 (Outdated Optimize Dep) @ http://localhost:4321/node_modules/.vite/deps/audit-BUFGDBBP.js?v=15d6e3fc:0
[   29543ms] [ERROR] Failed to load resource: the server responded with a status of 504 (Outdated Optimize Dep) @ http://localhost:4321/node_modules/.vite/deps/xray-2MQGGH5Y.js?v=15d6e3fc:0
[   29543ms] [ERROR] Failed to load resource: the server responded with a status of 504 (Outdated Optimize Dep) @ http://localhost:4321/node_modules/.vite/deps/toolbar-QZJV3CKG.js?v=15d6e3fc:0
[   30051ms] [ERROR] Failed to load resource: the server responded with a status of 504 (Outdated Optimize Dep) @ http://localhost:4321/@id/astro/runtime/client/dev-toolbar/entrypoint.js:0
[   34742ms] [ERROR] Failed to load resource: the server responded with a status of 504 (Outdated Optimize Dep) @ http://localhost:4321/@id/astro/runtime/client/dev-toolbar/entrypoint.js:0
[   37407ms] [ERROR] Failed to load resource: the server responded with a status of 504 (Outdated Optimize Dep) @ http://localhost:4321/@id/astro/runtime/client/dev-toolbar/entrypoint.js:0
[   38225ms] [ERROR] Failed to load resource: the server responded with a status of 504 (Outdated Optimize Dep) @ http://localhost:4321/@id/astro/runtime/client/dev-toolbar/entrypoint.js:0
[   38270ms] [WARNING] [Vue warn]: Extraneous non-props attributes (data-astro-cid-itlfasqk) were passed to component but could not be automatically inherited because component renders fragment or text or teleport root nodes. 
  at <SectionNavigator sections= [Object, Object, Object, Object, Object, Object, Object] stickyOffset=64 data-astro-cid-itlfasqk=true > 
  at <App> @ http://localhost:4321/node_modules/.vite/deps/chunk-S7BDWQ5K.js?v=d85c258a:2224
[   38276ms] [WARNING] [Vue warn]: Extraneous non-props attributes (data-astro-cid-itlfasqk) were passed to component but could not be automatically inherited because component renders fragment or text or teleport root nodes. 
  at <SectionNavigator sections= [Object, Object, Object, Object, Object, Object, Object] stickyOffset=64 data-astro-cid-itlfasqk=true > 
  at <App> @ http://localhost:4321/node_modules/.vite/deps/chunk-S7BDWQ5K.js?v=d85c258a:2224
[   62318ms] [WARNING] [Vue warn]: Extraneous non-props attributes (data-astro-cid-itlfasqk) were passed to component but could not be automatically inherited because component renders fragment or text or teleport root nodes. 
  at <SectionNavigator sections= [Object, Object, Object, Object, Object, Object, Object] stickyOffset=64 data-astro-cid-itlfasqk=true > 
  at <App> @ http://localhost:4321/node_modules/.vite/deps/chunk-S7BDWQ5K.js?v=d85c258a:2224
[   62320ms] [WARNING] [Vue warn]: Extraneous non-props attributes (data-astro-cid-itlfasqk) were passed to component but could not be automatically inherited because component renders fragment or text or teleport root nodes. 
  at <SectionNavigator sections= [Object, Object, Object, Object, Object, Object, Object] stickyOffset=64 data-astro-cid-itlfasqk=true > 
  at <App> @ http://localhost:4321/node_modules/.vite/deps/chunk-S7BDWQ5K.js?v=d85c258a:2224
[   62325ms] [WARNING] [Vue warn]: Extraneous non-props attributes (data-astro-cid-itlfasqk) were passed to component but could not be automatically inherited because component renders fragment or text or teleport root nodes. 
  at <SectionNavigator sections= [Object, Object, Object, Object, Object, Object, Object] stickyOffset=64 data-astro-cid-itlfasqk=true > 
  at <App> @ http://localhost:4321/node_modules/.vite/deps/chunk-S7BDWQ5K.js?v=d85c258a:2224
[   65818ms] [WARNING] [Vue warn]: Extraneous non-props attributes (data-astro-cid-itlfasqk) were passed to component but could not be automatically inherited because component renders fragment or text or teleport root nodes. 
  at <SectionNavigator sections= [Object, Object, Object, Object, Object, Object, Object] stickyOffset=64 data-astro-cid-itlfasqk=true > 
  at <App> @ http://localhost:4321/node_modules/.vite/deps/chunk-S7BDWQ5K.js?v=d85c258a:2224
[   65820ms] [WARNING] [Vue warn]: Extraneous non-props attributes (data-astro-cid-itlfasqk) were passed to component but could not be automatically inherited because component renders fragment or text or teleport root nodes. 
  at <SectionNavigator sections= [Object, Object, Object, Object, Object, Object, Object] stickyOffset=64 data-astro-cid-itlfasqk=true > 
  at <App> @ http://localhost:4321/node_modules/.vite/deps/chunk-S7BDWQ5K.js?v=d85c258a:2224
[   66009ms] [WARNING] [Vue warn]: Extraneous non-props attributes (data-astro-cid-itlfasqk) were passed to component but could not be automatically inherited because component renders fragment or text or teleport root nodes. 
  at <SectionNavigator sections= [Object, Object, Object, Object, Object, Object, Object] stickyOffset=64 data-astro-cid-itlfasqk=true > 
  at <App> @ http://localhost:4321/node_modules/.vite/deps/chunk-S7BDWQ5K.js?v=d85c258a:2224
[   66196ms] [WARNING] [Vue warn]: Extraneous non-props attributes (data-astro-cid-itlfasqk) were passed to component but could not be automatically inherited because component renders fragment or text or teleport root nodes. 
  at <SectionNavigator sections= [Object, Object, Object, Object, Object, Object, Object] stickyOffset=64 data-astro-cid-itlfasqk=true > 
  at <App> @ http://localhost:4321/node_modules/.vite/deps/chunk-S7BDWQ5K.js?v=d85c258a:2224
[   66415ms] [WARNING] [Vue warn]: Extraneous non-props attributes (data-astro-cid-itlfasqk) were passed to component but could not be automatically inherited because component renders fragment or text or teleport root nodes. 
  at <SectionNavigator sections= [Object, Object, Object, Object, Object, Object, Object] stickyOffset=64 data-astro-cid-itlfasqk=true > 
  at <App> @ http://localhost:4321/node_modules/.vite/deps/chunk-S7BDWQ5K.js?v=d85c258a:2224
[   66572ms] [WARNING] [Vue warn]: Extraneous non-props attributes (data-astro-cid-itlfasqk) were passed to component but could not be automatically inherited because component renders fragment or text or teleport root nodes. 
  at <SectionNavigator sections= [Object, Object, Object, Object, Object, Object, Object] stickyOffset=64 data-astro-cid-itlfasqk=true > 
  at <App> @ http://localhost:4321/node_modules/.vite/deps/chunk-S7BDWQ5K.js?v=d85c258a:2224
[   66791ms] [WARNING] [Vue warn]: Extraneous non-props attributes (data-astro-cid-itlfasqk) were passed to component but could not be automatically inherited because component renders fragment or text or teleport root nodes. 
  at <SectionNavigator sections= [Object, Object, Object, Object, Object, Object, Object] stickyOffset=64 data-astro-cid-itlfasqk=true > 
  at <App> @ http://localhost:4321/node_modules/.vite/deps/chunk-S7BDWQ5K.js?v=d85c258a:2224
[   66978ms] [WARNING] [Vue warn]: Extraneous non-props attributes (data-astro-cid-itlfasqk) were passed to component but could not be automatically inherited because component renders fragment or text or teleport root nodes. 
  at <SectionNavigator sections= [Object, Object, Object, Object, Object, Object, Object] stickyOffset=64 data-astro-cid-itlfasqk=true > 
  at <App> @ http://localhost:4321/node_modules/.vite/deps/chunk-S7BDWQ5K.js?v=d85c258a:2224
[   67165ms] [WARNING] [Vue warn]: Extraneous non-props attributes (data-astro-cid-itlfasqk) were passed to component but could not be automatically inherited because component renders fragment or text or teleport root nodes. 
  at <SectionNavigator sections= [Object, Object, Object, Object, Object, Object, Object] stickyOffset=64 data-astro-cid-itlfasqk=true > 
  at <App> @ http://localhost:4321/node_modules/.vite/deps/chunk-S7BDWQ5K.js?v=d85c258a:2224
[   67322ms] [WARNING] [Vue warn]: Extraneous non-props attributes (data-astro-cid-itlfasqk) were passed to component but could not be automatically inherited because component renders fragment or text or teleport root nodes. 
  at <SectionNavigator sections= [Object, Object, Object, Object, Object, Object, Object] stickyOffset=64 data-astro-cid-itlfasqk=true > 
  at <App> @ http://localhost:4321/node_modules/.vite/deps/chunk-S7BDWQ5K.js?v=d85c258a:2224
[   67509ms] [WARNING] [Vue warn]: Extraneous non-props attributes (data-astro-cid-itlfasqk) were passed to component but could not be automatically inherited because component renders fragment or text or teleport root nodes. 
  at <SectionNavigator sections= [Object, Object, Object, Object, Object, Object, Object] stickyOffset=64 data-astro-cid-itlfasqk=true > 
  at <App> @ http://localhost:4321/node_modules/.vite/deps/chunk-S7BDWQ5K.js?v=d85c258a:2224
[   67696ms] [WARNING] [Vue warn]: Extraneous non-props attributes (data-astro-cid-itlfasqk) were passed to component but could not be automatically inherited because component renders fragment or text or teleport root nodes. 
  at <SectionNavigator sections= [Object, Object, Object, Object, Object, Object, Object] stickyOffset=64 data-astro-cid-itlfasqk=true > 
  at <App> @ http://localhost:4321/node_modules/.vite/deps/chunk-S7BDWQ5K.js?v=d85c258a:2224
[   67946ms] [WARNING] [Vue warn]: Extraneous non-props attributes (data-astro-cid-itlfasqk) were passed to component but could not be automatically inherited because component renders fragment or text or teleport root nodes. 
  at <SectionNavigator sections= [Object, Object, Object, Object, Object, Object, Object] stickyOffset=64 data-astro-cid-itlfasqk=true > 
  at <App> @ http://localhost:4321/node_modules/.vite/deps/chunk-S7BDWQ5K.js?v=d85c258a:2224
[   68071ms] [WARNING] [Vue warn]: Extraneous non-props attributes (data-astro-cid-itlfasqk) were passed to component but could not be automatically inherited because component renders fragment or text or teleport root nodes. 
  at <SectionNavigator sections= [Object, Object, Object, Object, Object, Object, Object] stickyOffset=64 data-astro-cid-itlfasqk=true > 
  at <App> @ http://localhost:4321/node_modules/.vite/deps/chunk-S7BDWQ5K.js?v=d85c258a:2224
[   68438ms] [WARNING] [Vue warn]: Extraneous non-props attributes (data-astro-cid-itlfasqk) were passed to component but could not be automatically inherited because component renders fragment or text or teleport root nodes. 
  at <SectionNavigator sections= [Object, Object, Object, Object, Object, Object, Object] stickyOffset=64 data-astro-cid-itlfasqk=true > 
  at <App> @ http://localhost:4321/node_modules/.vite/deps/chunk-S7BDWQ5K.js?v=d85c258a:2224
[   68509ms] [WARNING] [Vue warn]: Extraneous non-props attributes (data-astro-cid-itlfasqk) were passed to component but could not be automatically inherited because component renders fragment or text or teleport root nodes. 
  at <SectionNavigator sections= [Object, Object, Object, Object, Object, Object, Object] stickyOffset=64 data-astro-cid-itlfasqk=true > 
  at <App> @ http://localhost:4321/node_modules/.vite/deps/chunk-S7BDWQ5K.js?v=d85c258a:2224
[   68665ms] [WARNING] [Vue warn]: Extraneous non-props attributes (data-astro-cid-itlfasqk) were passed to component but could not be automatically inherited because component renders fragment or text or teleport root nodes. 
  at <SectionNavigator sections= [Object, Object, Object, Object, Object, Object, Object] stickyOffset=64 data-astro-cid-itlfasqk=true > 
  at <App> @ http://localhost:4321/node_modules/.vite/deps/chunk-S7BDWQ5K.js?v=d85c258a:2224
[   68666ms] [WARNING] [Vue warn]: Extraneous non-props attributes (data-astro-cid-itlfasqk) were passed to component but could not be automatically inherited because component renders fragment or text or teleport root nodes. 
  at <SectionNavigator sections= [Object, Object, Object, Object, Object, Object, Object] stickyOffset=64 data-astro-cid-itlfasqk=true > 
  at <App> @ http://localhost:4321/node_modules/.vite/deps/chunk-S7BDWQ5K.js?v=d85c258a:2224
[   68853ms] [WARNING] [Vue warn]: Extraneous non-props attributes (data-astro-cid-itlfasqk) were passed to component but could not be automatically inherited because component renders fragment or text or teleport root nodes. 
  at <SectionNavigator sections= [Object, Object, Object, Object, Object, Object, Object] stickyOffset=64 data-astro-cid-itlfasqk=true > 
  at <App> @ http://localhost:4321/node_modules/.vite/deps/chunk-S7BDWQ5K.js?v=d85c258a:2224
[   69009ms] [WARNING] [Vue warn]: Extraneous non-props attributes (data-astro-cid-itlfasqk) were passed to component but could not be automatically inherited because component renders fragment or text or teleport root nodes. 
  at <SectionNavigator sections= [Object, Object, Object, Object, Object, Object, Object] stickyOffset=64 data-astro-cid-itlfasqk=true > 
  at <App> @ http://localhost:4321/node_modules/.vite/deps/chunk-S7BDWQ5K.js?v=d85c258a:2224
[   69227ms] [WARNING] [Vue warn]: Extraneous non-props attributes (data-astro-cid-itlfasqk) were passed to component but could not be automatically inherited because component renders fragment or text or teleport root nodes. 
  at <SectionNavigator sections= [Object, Object, Object, Object, Object, Object, Object] stickyOffset=64 data-astro-cid-itlfasqk=true > 
  at <App> @ http://localhost:4321/node_modules/.vite/deps/chunk-S7BDWQ5K.js?v=d85c258a:2224
[   69415ms] [WARNING] [Vue warn]: Extraneous non-props attributes (data-astro-cid-itlfasqk) were passed to component but could not be automatically inherited because component renders fragment or text or teleport root nodes. 
  at <SectionNavigator sections= [Object, Object, Object, Object, Object, Object, Object] stickyOffset=64 data-astro-cid-itlfasqk=true > 
  at <App> @ http://localhost:4321/node_modules/.vite/deps/chunk-S7BDWQ5K.js?v=d85c258a:2224
[   69634ms] [WARNING] [Vue warn]: Extraneous non-props attributes (data-astro-cid-itlfasqk) were passed to component but could not be automatically inherited because component renders fragment or text or teleport root nodes. 
  at <SectionNavigator sections= [Object, Object, Object, Object, Object, Object, Object] stickyOffset=64 data-astro-cid-itlfasqk=true > 
  at <App> @ http://localhost:4321/node_modules/.vite/deps/chunk-S7BDWQ5K.js?v=d85c258a:2224
[   69821ms] [WARNING] [Vue warn]: Extraneous non-props attributes (data-astro-cid-itlfasqk) were passed to component but could not be automatically inherited because component renders fragment or text or teleport root nodes. 
  at <SectionNavigator sections= [Object, Object, Object, Object, Object, Object, Object] stickyOffset=64 data-astro-cid-itlfasqk=true > 
  at <App> @ http://localhost:4321/node_modules/.vite/deps/chunk-S7BDWQ5K.js?v=d85c258a:2224
[   70040ms] [WARNING] [Vue warn]: Extraneous non-props attributes (data-astro-cid-itlfasqk) were passed to component but could not be automatically inherited because component renders fragment or text or teleport root nodes. 
  at <SectionNavigator sections= [Object, Object, Object, Object, Object, Object, Object] stickyOffset=64 data-astro-cid-itlfasqk=true > 
  at <App> @ http://localhost:4321/node_modules/.vite/deps/chunk-S7BDWQ5K.js?v=d85c258a:2224
[   70228ms] [WARNING] [Vue warn]: Extraneous non-props attributes (data-astro-cid-itlfasqk) were passed to component but could not be automatically inherited because component renders fragment or text or teleport root nodes. 
  at <SectionNavigator sections= [Object, Object, Object, Object, Object, Object, Object] stickyOffset=64 data-astro-cid-itlfasqk=true > 
  at <App> @ http://localhost:4321/node_modules/.vite/deps/chunk-S7BDWQ5K.js?v=d85c258a:2224
[   70446ms] [WARNING] [Vue warn]: Extraneous non-props attributes (data-astro-cid-itlfasqk) were passed to component but could not be automatically inherited because component renders fragment or text or teleport root nodes. 
  at <SectionNavigator sections= [Object, Object, Object, Object, Object, Object, Object] stickyOffset=64 data-astro-cid-itlfasqk=true > 
  at <App> @ http://localhost:4321/node_modules/.vite/deps/chunk-S7BDWQ5K.js?v=d85c258a:2224
[   70635ms] [WARNING] [Vue warn]: Extraneous non-props attributes (data-astro-cid-itlfasqk) were passed to component but could not be automatically inherited because component renders fragment or text or teleport root nodes. 
  at <SectionNavigator sections= [Object, Object, Object, Object, Object, Object, Object] stickyOffset=64 data-astro-cid-itlfasqk=true > 
  at <App> @ http://localhost:4321/node_modules/.vite/deps/chunk-S7BDWQ5K.js?v=d85c258a:2224
[   70853ms] [WARNING] [Vue warn]: Extraneous non-props attributes (data-astro-cid-itlfasqk) were passed to component but could not be automatically inherited because component renders fragment or text or teleport root nodes. 
  at <SectionNavigator sections= [Object, Object, Object, Object, Object, Object, Object] stickyOffset=64 data-astro-cid-itlfasqk=true > 
  at <App> @ http://localhost:4321/node_modules/.vite/deps/chunk-S7BDWQ5K.js?v=d85c258a:2224
[   71071ms] [WARNING] [Vue warn]: Extraneous non-props attributes (data-astro-cid-itlfasqk) were passed to component but could not be automatically inherited because component renders fragment or text or teleport root nodes. 
  at <SectionNavigator sections= [Object, Object, Object, Object, Object, Object, Object] stickyOffset=64 data-astro-cid-itlfasqk=true > 
  at <App> @ http://localhost:4321/node_modules/.vite/deps/chunk-S7BDWQ5K.js?v=d85c258a:2224
[   71227ms] [WARNING] [Vue warn]: Extraneous non-props attributes (data-astro-cid-itlfasqk) were passed to component but could not be automatically inherited because component renders fragment or text or teleport root nodes. 
  at <SectionNavigator sections= [Object, Object, Object, Object, Object, Object, Object] stickyOffset=64 data-astro-cid-itlfasqk=true > 
  at <App> @ http://localhost:4321/node_modules/.vite/deps/chunk-S7BDWQ5K.js?v=d85c258a:2224
[   71446ms] [WARNING] [Vue warn]: Extraneous non-props attributes (data-astro-cid-itlfasqk) were passed to component but could not be automatically inherited because component renders fragment or text or teleport root nodes. 
  at <SectionNavigator sections= [Object, Object, Object, Object, Object, Object, Object] stickyOffset=64 data-astro-cid-itlfasqk=true > 
  at <App> @ http://localhost:4321/node_modules/.vite/deps/chunk-S7BDWQ5K.js?v=d85c258a:2224
[   71602ms] [WARNING] [Vue warn]: Extraneous non-props attributes (data-astro-cid-itlfasqk) were passed to component but could not be automatically inherited because component renders fragment or text or teleport root nodes. 
  at <SectionNavigator sections= [Object, Object, Object, Object, Object, Object, Object] stickyOffset=64 data-astro-cid-itlfasqk=true > 
  at <App> @ http://localhost:4321/node_modules/.vite/deps/chunk-S7BDWQ5K.js?v=d85c258a:2224
[   71822ms] [WARNING] [Vue warn]: Extraneous non-props attributes (data-astro-cid-itlfasqk) were passed to component but could not be automatically inherited because component renders fragment or text or teleport root nodes. 
  at <SectionNavigator sections= [Object, Object, Object, Object, Object, Object, Object] stickyOffset=64 data-astro-cid-itlfasqk=true > 
  at <App> @ http://localhost:4321/node_modules/.vite/deps/chunk-S7BDWQ5K.js?v=d85c258a:2224
[   77509ms] [WARNING] [Vue warn]: Extraneous non-props attributes (data-astro-cid-itlfasqk) were passed to component but could not be automatically inherited because component renders fragment or text or teleport root nodes. 
  at <SectionNavigator sections= [Object, Object, Object, Object, Object, Object, Object] stickyOffset=64 data-astro-cid-itlfasqk=true > 
  at <App> @ http://localhost:4321/node_modules/.vite/deps/chunk-S7BDWQ5K.js?v=d85c258a:2224
[   77510ms] [WARNING] [Vue warn]: Extraneous non-props attributes (data-astro-cid-itlfasqk) were passed to component but could not be automatically inherited because component renders fragment or text or teleport root nodes. 
  at <SectionNavigator sections= [Object, Object, Object, Object, Object, Object, Object] stickyOffset=64 data-astro-cid-itlfasqk=true > 
  at <App> @ http://localhost:4321/node_modules/.vite/deps/chunk-S7BDWQ5K.js?v=d85c258a:2224
[   77513ms] [WARNING] [Vue warn]: Extraneous non-props attributes (data-astro-cid-itlfasqk) were passed to component but could not be automatically inherited because component renders fragment or text or teleport root nodes. 
  at <SectionNavigator sections= [Object, Object, Object, Object, Object, Object, Object] stickyOffset=64 data-astro-cid-itlfasqk=true > 
  at <App> @ http://localhost:4321/node_modules/.vite/deps/chunk-S7BDWQ5K.js?v=d85c258a:2224
[   95925ms] [ERROR] Failed to load resource: the server responded with a status of 504 (Outdated Optimize Dep) @ http://localhost:4321/@id/astro/runtime/client/dev-toolbar/entrypoint.js:0
[   95950ms] [WARNING] [Vue warn]: Extraneous non-props attributes (data-astro-cid-itlfasqk) were passed to component but could not be automatically inherited because component renders fragment or text or teleport root nodes. 
  at <SectionNavigator sections= [Object, Object, Object, Object, Object, Object, Object] stickyOffset=64 data-astro-cid-itlfasqk=true > 
  at <App> @ http://localhost:4321/node_modules/.vite/deps/chunk-S7BDWQ5K.js?v=d85c258a:2224
[   95954ms] [WARNING] [Vue warn]: Extraneous non-props attributes (data-astro-cid-itlfasqk) were passed to component but could not be automatically inherited because component renders fragment or text or teleport root nodes. 
  at <SectionNavigator sections= [Object, Object, Object, Object, Object, Object, Object] stickyOffset=64 data-astro-cid-itlfasqk=true > 
  at <App> @ http://localhost:4321/node_modules/.vite/deps/chunk-S7BDWQ5K.js?v=d85c258a:2224
