[      42ms] [ERROR] Failed to load resource: the server responded with a status of 504 (Outdated Optimize Dep) @ http://localhost:4321/@id/astro/runtime/client/dev-toolbar/entrypoint.js:0
[      70ms] [WARNING] [Vue warn]: Extraneous non-props attributes (data-astro-cid-itlfasqk) were passed to component but could not be automatically inherited because component renders fragment or text or teleport root nodes. 
  at <SectionNavigator sections= [Object, Object, Object, Object, Object, Object, Object] stickyOffset=64 data-astro-cid-itlfasqk=true > 
  at <App> @ http://localhost:4321/node_modules/.vite/deps/chunk-S7BDWQ5K.js?v=d85c258a:2224
[      73ms] [WARNING] [Vue warn]: Extraneous non-props attributes (data-astro-cid-itlfasqk) were passed to component but could not be automatically inherited because component renders fragment or text or teleport root nodes. 
  at <SectionNavigator sections= [Object, Object, Object, Object, Object, Object, Object] stickyOffset=64 data-astro-cid-itlfasqk=true > 
  at <App> @ http://localhost:4321/node_modules/.vite/deps/chunk-S7BDWQ5K.js?v=d85c258a:2224
[   27328ms] [WARNING] [Vue warn]: Extraneous non-props attributes (data-astro-cid-itlfasqk) were passed to component but could not be automatically inherited because component renders fragment or text or teleport root nodes. 
  at <SectionNavigator sections= [Object, Object, Object, Object, Object, Object, Object] stickyOffset=64 data-astro-cid-itlfasqk=true > 
  at <App> @ http://localhost:4321/node_modules/.vite/deps/chunk-S7BDWQ5K.js?v=d85c258a:2224
[   27331ms] [WARNING] [Vue warn]: Extraneous non-props attributes (data-astro-cid-itlfasqk) were passed to component but could not be automatically inherited because component renders fragment or text or teleport root nodes. 
  at <SectionNavigator sections= [Object, Object, Object, Object, Object, Object, Object] stickyOffset=64 data-astro-cid-itlfasqk=true > 
  at <App> @ http://localhost:4321/node_modules/.vite/deps/chunk-S7BDWQ5K.js?v=d85c258a:2224
[   42860ms] [WARNING] [Vue warn]: Extraneous non-props attributes (data-astro-cid-itlfasqk) were passed to component but could not be automatically inherited because component renders fragment or text or teleport root nodes. 
  at <SectionNavigator sections= [Object, Object, Object, Object, Object, Object, Object] stickyOffset=64 data-astro-cid-itlfasqk=true > 
  at <App> @ http://localhost:4321/node_modules/.vite/deps/chunk-S7BDWQ5K.js?v=d85c258a:2224
[   42862ms] [WARNING] [Vue warn]: Extraneous non-props attributes (data-astro-cid-itlfasqk) were passed to component but could not be automatically inherited because component renders fragment or text or teleport root nodes. 
  at <SectionNavigator sections= [Object, Object, Object, Object, Object, Object, Object] stickyOffset=64 data-astro-cid-itlfasqk=true > 
  at <App> @ http://localhost:4321/node_modules/.vite/deps/chunk-S7BDWQ5K.js?v=d85c258a:2224
[   51525ms] [WARNING] [Vue warn]: Extraneous non-props attributes (data-astro-cid-itlfasqk) were passed to component but could not be automatically inherited because component renders fragment or text or teleport root nodes. 
  at <SectionNavigator sections= [Object, Object, Object, Object, Object, Object, Object] stickyOffset=64 data-astro-cid-itlfasqk=true > 
  at <App> @ http://localhost:4321/node_modules/.vite/deps/chunk-S7BDWQ5K.js?v=d85c258a:2224
[   51526ms] [WARNING] [Vue warn]: Extraneous non-props attributes (data-astro-cid-itlfasqk) were passed to component but could not be automatically inherited because component renders fragment or text or teleport root nodes. 
  at <SectionNavigator sections= [Object, Object, Object, Object, Object, Object, Object] stickyOffset=64 data-astro-cid-itlfasqk=true > 
  at <App> @ http://localhost:4321/node_modules/.vite/deps/chunk-S7BDWQ5K.js?v=d85c258a:2224
[   51721ms] [WARNING] [Vue warn]: Extraneous non-props attributes (data-astro-cid-itlfasqk) were passed to component but could not be automatically inherited because component renders fragment or text or teleport root nodes. 
  at <SectionNavigator sections= [Object, Object, Object, Object, Object, Object, Object] stickyOffset=64 data-astro-cid-itlfasqk=true > 
  at <App> @ http://localhost:4321/node_modules/.vite/deps/chunk-S7BDWQ5K.js?v=d85c258a:2224
[   51723ms] [WARNING] [Vue warn]: Extraneous non-props attributes (data-astro-cid-itlfasqk) were passed to component but could not be automatically inherited because component renders fragment or text or teleport root nodes. 
  at <SectionNavigator sections= [Object, Object, Object, Object, Object, Object, Object] stickyOffset=64 data-astro-cid-itlfasqk=true > 
  at <App> @ http://localhost:4321/node_modules/.vite/deps/chunk-S7BDWQ5K.js?v=d85c258a:2224
[   51853ms] [WARNING] [Vue warn]: Extraneous non-props attributes (data-astro-cid-itlfasqk) were passed to component but could not be automatically inherited because component renders fragment or text or teleport root nodes. 
  at <SectionNavigator sections= [Object, Object, Object, Object, Object, Object, Object] stickyOffset=64 data-astro-cid-itlfasqk=true > 
  at <App> @ http://localhost:4321/node_modules/.vite/deps/chunk-S7BDWQ5K.js?v=d85c258a:2224
[   51855ms] [WARNING] [Vue warn]: Extraneous non-props attributes (data-astro-cid-itlfasqk) were passed to component but could not be automatically inherited because component renders fragment or text or teleport root nodes. 
  at <SectionNavigator sections= [Object, Object, Object, Object, Object, Object, Object] stickyOffset=64 data-astro-cid-itlfasqk=true > 
  at <App> @ http://localhost:4321/node_modules/.vite/deps/chunk-S7BDWQ5K.js?v=d85c258a:2224
[   52016ms] [WARNING] [Vue warn]: Extraneous non-props attributes (data-astro-cid-itlfasqk) were passed to component but could not be automatically inherited because component renders fragment or text or teleport root nodes. 
  at <SectionNavigator sections= [Object, Object, Object, Object, Object, Object, Object] stickyOffset=64 data-astro-cid-itlfasqk=true > 
  at <App> @ http://localhost:4321/node_modules/.vite/deps/chunk-S7BDWQ5K.js?v=d85c258a:2224
[   52018ms] [WARNING] [Vue warn]: Extraneous non-props attributes (data-astro-cid-itlfasqk) were passed to component but could not be automatically inherited because component renders fragment or text or teleport root nodes. 
  at <SectionNavigator sections= [Object, Object, Object, Object, Object, Object, Object] stickyOffset=64 data-astro-cid-itlfasqk=true > 
  at <App> @ http://localhost:4321/node_modules/.vite/deps/chunk-S7BDWQ5K.js?v=d85c258a:2224
[   52181ms] [WARNING] [Vue warn]: Extraneous non-props attributes (data-astro-cid-itlfasqk) were passed to component but could not be automatically inherited because component renders fragment or text or teleport root nodes. 
  at <SectionNavigator sections= [Object, Object, Object, Object, Object, Object, Object] stickyOffset=64 data-astro-cid-itlfasqk=true > 
  at <App> @ http://localhost:4321/node_modules/.vite/deps/chunk-S7BDWQ5K.js?v=d85c258a:2224
[   52183ms] [WARNING] [Vue warn]: Extraneous non-props attributes (data-astro-cid-itlfasqk) were passed to component but could not be automatically inherited because component renders fragment or text or teleport root nodes. 
  at <SectionNavigator sections= [Object, Object, Object, Object, Object, Object, Object] stickyOffset=64 data-astro-cid-itlfasqk=true > 
  at <App> @ http://localhost:4321/node_modules/.vite/deps/chunk-S7BDWQ5K.js?v=d85c258a:2224
[   52313ms] [WARNING] [Vue warn]: Extraneous non-props attributes (data-astro-cid-itlfasqk) were passed to component but could not be automatically inherited because component renders fragment or text or teleport root nodes. 
  at <SectionNavigator sections= [Object, Object, Object, Object, Object, Object, Object] stickyOffset=64 data-astro-cid-itlfasqk=true > 
  at <App> @ http://localhost:4321/node_modules/.vite/deps/chunk-S7BDWQ5K.js?v=d85c258a:2224
[   52315ms] [WARNING] [Vue warn]: Extraneous non-props attributes (data-astro-cid-itlfasqk) were passed to component but could not be automatically inherited because component renders fragment or text or teleport root nodes. 
  at <SectionNavigator sections= [Object, Object, Object, Object, Object, Object, Object] stickyOffset=64 data-astro-cid-itlfasqk=true > 
  at <App> @ http://localhost:4321/node_modules/.vite/deps/chunk-S7BDWQ5K.js?v=d85c258a:2224
[   52476ms] [WARNING] [Vue warn]: Extraneous non-props attributes (data-astro-cid-itlfasqk) were passed to component but could not be automatically inherited because component renders fragment or text or teleport root nodes. 
  at <SectionNavigator sections= [Object, Object, Object, Object, Object, Object, Object] stickyOffset=64 data-astro-cid-itlfasqk=true > 
  at <App> @ http://localhost:4321/node_modules/.vite/deps/chunk-S7BDWQ5K.js?v=d85c258a:2224
[   59862ms] [WARNING] [Vue warn]: Extraneous non-props attributes (data-astro-cid-itlfasqk) were passed to component but could not be automatically inherited because component renders fragment or text or teleport root nodes. 
  at <SectionNavigator sections= [Object, Object, Object, Object, Object, Object, Object] stickyOffset=64 data-astro-cid-itlfasqk=true > 
  at <App> @ http://localhost:4321/node_modules/.vite/deps/chunk-S7BDWQ5K.js?v=d85c258a:2224
[   76027ms] [WARNING] [Vue warn]: Extraneous non-props attributes (data-astro-cid-itlfasqk) were passed to component but could not be automatically inherited because component renders fragment or text or teleport root nodes. 
  at <SectionNavigator sections= [Object, Object, Object, Object, Object, Object, Object] stickyOffset=64 data-astro-cid-itlfasqk=true > 
  at <App> @ http://localhost:4321/node_modules/.vite/deps/chunk-S7BDWQ5K.js?v=d85c258a:2224
[   76031ms] [WARNING] [Vue warn]: Extraneous non-props attributes (data-astro-cid-itlfasqk) were passed to component but could not be automatically inherited because component renders fragment or text or teleport root nodes. 
  at <SectionNavigator sections= [Object, Object, Object, Object, Object, Object, Object] stickyOffset=64 data-astro-cid-itlfasqk=true > 
  at <App> @ http://localhost:4321/node_modules/.vite/deps/chunk-S7BDWQ5K.js?v=d85c258a:2224
