[      41ms] [ERROR] Failed to load resource: the server responded with a status of 504 (Outdated Optimize Dep) @ http://localhost:4321/@id/astro/runtime/client/dev-toolbar/entrypoint.js:0
[      71ms] [WARNING] [Vue warn]: Extraneous non-props attributes (data-astro-cid-itlfasqk) were passed to component but could not be automatically inherited because component renders fragment or text or teleport root nodes. 
  at <SectionNavigator sections= [Object, Object, Object, Object, Object, Object, Object] stickyOffset=64 data-astro-cid-itlfasqk=true > 
  at <App> @ http://localhost:4321/node_modules/.vite/deps/chunk-S7BDWQ5K.js?v=d85c258a:2224
[      78ms] [WARNING] [Vue warn]: Extraneous non-props attributes (data-astro-cid-itlfasqk) were passed to component but could not be automatically inherited because component renders fragment or text or teleport root nodes. 
  at <SectionNavigator sections= [Object, Object, Object, Object, Object, Object, Object] stickyOffset=64 data-astro-cid-itlfasqk=true > 
  at <App> @ http://localhost:4321/node_modules/.vite/deps/chunk-S7BDWQ5K.js?v=d85c258a:2224
[    6344ms] [WARNING] [Vue warn]: Extraneous non-props attributes (data-astro-cid-itlfasqk) were passed to component but could not be automatically inherited because component renders fragment or text or teleport root nodes. 
  at <SectionNavigator sections= [Object, Object, Object, Object, Object, Object, Object] stickyOffset=64 data-astro-cid-itlfasqk=true > 
  at <App> @ http://localhost:4321/node_modules/.vite/deps/chunk-S7BDWQ5K.js?v=d85c258a:2224
[    6346ms] [WARNING] [Vue warn]: Extraneous non-props attributes (data-astro-cid-itlfasqk) were passed to component but could not be automatically inherited because component renders fragment or text or teleport root nodes. 
  at <SectionNavigator sections= [Object, Object, Object, Object, Object, Object, Object] stickyOffset=64 data-astro-cid-itlfasqk=true > 
  at <App> @ http://localhost:4321/node_modules/.vite/deps/chunk-S7BDWQ5K.js?v=d85c258a:2224
[    6350ms] [WARNING] [Vue warn]: Extraneous non-props attributes (data-astro-cid-itlfasqk) were passed to component but could not be automatically inherited because component renders fragment or text or teleport root nodes. 
  at <SectionNavigator sections= [Object, Object, Object, Object, Object, Object, Object] stickyOffset=64 data-astro-cid-itlfasqk=true > 
  at <App> @ http://localhost:4321/node_modules/.vite/deps/chunk-S7BDWQ5K.js?v=d85c258a:2224
[   14313ms] [WARNING] [Vue warn]: Extraneous non-props attributes (data-astro-cid-itlfasqk) were passed to component but could not be automatically inherited because component renders fragment or text or teleport root nodes. 
  at <SectionNavigator sections= [Object, Object, Object, Object, Object, Object, Object] stickyOffset=64 data-astro-cid-itlfasqk=true > 
  at <App> @ http://localhost:4321/node_modules/.vite/deps/chunk-S7BDWQ5K.js?v=d85c258a:2224
[   14315ms] [WARNING] [Vue warn]: Extraneous non-props attributes (data-astro-cid-itlfasqk) were passed to component but could not be automatically inherited because component renders fragment or text or teleport root nodes. 
  at <SectionNavigator sections= [Object, Object, Object, Object, Object, Object, Object] stickyOffset=64 data-astro-cid-itlfasqk=true > 
  at <App> @ http://localhost:4321/node_modules/.vite/deps/chunk-S7BDWQ5K.js?v=d85c258a:2224
[   14319ms] [WARNING] [Vue warn]: Extraneous non-props attributes (data-astro-cid-itlfasqk) were passed to component but could not be automatically inherited because component renders fragment or text or teleport root nodes. 
  at <SectionNavigator sections= [Object, Object, Object, Object, Object, Object, Object] stickyOffset=64 data-astro-cid-itlfasqk=true > 
  at <App> @ http://localhost:4321/node_modules/.vite/deps/chunk-S7BDWQ5K.js?v=d85c258a:2224
[   70538ms] [WARNING] [Vue warn]: Extraneous non-props attributes (data-astro-cid-itlfasqk) were passed to component but could not be automatically inherited because component renders fragment or text or teleport root nodes. 
  at <SectionNavigator sections= [Object, Object, Object, Object, Object, Object, Object] stickyOffset=64 data-astro-cid-itlfasqk=true > 
  at <App> @ http://localhost:4321/node_modules/.vite/deps/chunk-S7BDWQ5K.js?v=d85c258a:2224
[   70540ms] [WARNING] [Vue warn]: Extraneous non-props attributes (data-astro-cid-itlfasqk) were passed to component but could not be automatically inherited because component renders fragment or text or teleport root nodes. 
  at <SectionNavigator sections= [Object, Object, Object, Object, Object, Object, Object] stickyOffset=64 data-astro-cid-itlfasqk=true > 
  at <App> @ http://localhost:4321/node_modules/.vite/deps/chunk-S7BDWQ5K.js?v=d85c258a:2224
[   70543ms] [WARNING] [Vue warn]: Extraneous non-props attributes (data-astro-cid-itlfasqk) were passed to component but could not be automatically inherited because component renders fragment or text or teleport root nodes. 
  at <SectionNavigator sections= [Object, Object, Object, Object, Object, Object, Object] stickyOffset=64 data-astro-cid-itlfasqk=true > 
  at <App> @ http://localhost:4321/node_modules/.vite/deps/chunk-S7BDWQ5K.js?v=d85c258a:2224
