[    2302ms] [WARNING] [Vue warn]: Hydration node mismatch:
- rendered on server: JSHandle@node  
- expected on client: Symbol(v-cmt) 
  at <StatBlock value="16" label="Gute Gründe" caption=undefined  ... > 
  at <App> @ http://localhost:4321/node_modules/.vite/deps/chunk-S7BDWQ5K.js?v=d85c258a:2224
[    2302ms] [ERROR] Hydration completed but contains mismatches. @ http://localhost:4321/node_modules/.vite/deps/chunk-S7BDWQ5K.js?v=d85c258a:4060
[    2303ms] [WARNING] [Vue warn]: Hydration node mismatch:
- rendered on server: JSHandle@node  
- expected on client: Symbol(v-cmt) 
  at <StatBlock value="KfW 40" label="Effizienzklasse" caption=undefined  ... > 
  at <App> @ http://localhost:4321/node_modules/.vite/deps/chunk-S7BDWQ5K.js?v=d85c258a:2224
[    2304ms] [WARNING] [Vue warn]: Hydration node mismatch:
- rendered on server: JSHandle@node  
- expected on client: Symbol(v-cmt) 
  at <StepCard step=3 title="Bau & Übergabe" description="Vorfertigung im Werk, Montage in 1–3 Tagen, schlüsselfertige Übergabe."  ... > 
  at <App> @ http://localhost:4321/node_modules/.vite/deps/chunk-S7BDWQ5K.js?v=d85c258a:2224
[    2304ms] [WARNING] [Vue warn]: Hydration node mismatch:
- rendered on server: JSHandle@node  
- expected on client: Symbol(v-cmt) 
  at <StatBlock value="90" label="Jahre Erfahrung" caption=undefined  ... > 
  at <App> @ http://localhost:4321/node_modules/.vite/deps/chunk-S7BDWQ5K.js?v=d85c258a:2224
[    2305ms] [WARNING] [Vue warn]: Hydration node mismatch:
- rendered on server: JSHandle@node  
- expected on client: Symbol(v-cmt) 
  at <StepCard step=2 title="Planung" description="Architektur, Statik und Genehmigungsplanung. Wir koordinieren alle Gewerke."  ... > 
  at <App> @ http://localhost:4321/node_modules/.vite/deps/chunk-S7BDWQ5K.js?v=d85c258a:2224
[    2305ms] [WARNING] [Vue warn]: Hydration node mismatch:
- rendered on server: JSHandle@node  
- expected on client: Symbol(v-cmt) 
  at <IconList items= [Object, Object, Object, Object] data-astro-cid-vocvlaec=true > 
  at <App> @ http://localhost:4321/node_modules/.vite/deps/chunk-S7BDWQ5K.js?v=d85c258a:2224
[    2306ms] [WARNING] [Vue warn]: Hydration node mismatch:
- rendered on server: JSHandle@node  
- expected on client: Symbol(v-cmt) 
  at <IconList items= [Object, Object, Object, Object] data-astro-cid-vocvlaec=true > 
  at <App> @ http://localhost:4321/node_modules/.vite/deps/chunk-S7BDWQ5K.js?v=d85c258a:2224
[    2306ms] [WARNING] [Vue warn]: Hydration node mismatch:
- rendered on server: JSHandle@node  
- expected on client: Symbol(v-cmt) 
  at <IconList items= [Object, Object, Object, Object] data-astro-cid-vocvlaec=true > 
  at <App> @ http://localhost:4321/node_modules/.vite/deps/chunk-S7BDWQ5K.js?v=d85c258a:2224
[    2306ms] [WARNING] [Vue warn]: Hydration node mismatch:
- rendered on server: JSHandle@node  
- expected on client: Symbol(v-cmt) 
  at <IconList items= [Object, Object, Object, Object] data-astro-cid-vocvlaec=true > 
  at <App> @ http://localhost:4321/node_modules/.vite/deps/chunk-S7BDWQ5K.js?v=d85c258a:2224
[    2307ms] [WARNING] [Vue warn]: Hydration node mismatch:
- rendered on server: JSHandle@node  
- expected on client: Symbol(v-cmt) 
  at <StepCard step=1 title="Konzept" description="Beratung, Grundriss-Skizze und ein realistisches Budget — gemeinsam in zwei Wochen."  ... > 
  at <App> @ http://localhost:4321/node_modules/.vite/deps/chunk-S7BDWQ5K.js?v=d85c258a:2224
[    2307ms] [WARNING] [Vue warn]: Hydration node mismatch:
- rendered on server: JSHandle@node  
- expected on client: Symbol(v-cmt) 
  at <IconList items= [Object, Object, Object, Object, Object, Object, Object, Object, Object, Object, Object, Object, Object, Object, Object, Object] columns=4 density="tight"  ... > 
  at <App> @ http://localhost:4321/node_modules/.vite/deps/chunk-S7BDWQ5K.js?v=d85c258a:2224
[    2307ms] [WARNING] [Vue warn]: Hydration node mismatch:
- rendered on server: JSHandle@node  
- expected on client: Symbol(v-cmt) 
  at <IconList items= [Object, Object, Object, Object, Object, Object, Object, Object, Object, Object, Object, Object, Object, Object, Object, Object] columns=4 density="tight"  ... > 
  at <App> @ http://localhost:4321/node_modules/.vite/deps/chunk-S7BDWQ5K.js?v=d85c258a:2224
[    2307ms] [WARNING] [Vue warn]: Hydration node mismatch:
- rendered on server: JSHandle@node  
- expected on client: Symbol(v-cmt) 
  at <IconList items= [Object, Object, Object, Object, Object, Object, Object, Object, Object, Object, Object, Object, Object, Object, Object, Object] columns=4 density="tight"  ... > 
  at <App> @ http://localhost:4321/node_modules/.vite/deps/chunk-S7BDWQ5K.js?v=d85c258a:2224
[    2307ms] [WARNING] [Vue warn]: Hydration node mismatch:
- rendered on server: JSHandle@node  
- expected on client: Symbol(v-cmt) 
  at <IconList items= [Object, Object, Object, Object, Object, Object, Object, Object, Object, Object, Object, Object, Object, Object, Object, Object] columns=4 density="tight"  ... > 
  at <App> @ http://localhost:4321/node_modules/.vite/deps/chunk-S7BDWQ5K.js?v=d85c258a:2224
[    2308ms] [WARNING] [Vue warn]: Hydration node mismatch:
- rendered on server: JSHandle@node  
- expected on client: Symbol(v-cmt) 
  at <IconList items= [Object, Object, Object, Object, Object, Object, Object, Object, Object, Object, Object, Object, Object, Object, Object, Object] columns=4 density="tight"  ... > 
  at <App> @ http://localhost:4321/node_modules/.vite/deps/chunk-S7BDWQ5K.js?v=d85c258a:2224
[    2308ms] [WARNING] [Vue warn]: Hydration node mismatch:
- rendered on server: JSHandle@node  
- expected on client: Symbol(v-cmt) 
  at <IconList items= [Object, Object, Object, Object, Object, Object, Object, Object, Object, Object, Object, Object, Object, Object, Object, Object] columns=4 density="tight"  ... > 
  at <App> @ http://localhost:4321/node_modules/.vite/deps/chunk-S7BDWQ5K.js?v=d85c258a:2224
[    2308ms] [WARNING] [Vue warn]: Hydration node mismatch:
- rendered on server: JSHandle@node  
- expected on client: Symbol(v-cmt) 
  at <IconList items= [Object, Object, Object, Object, Object, Object, Object, Object, Object, Object, Object, Object, Object, Object, Object, Object] columns=4 density="tight"  ... > 
  at <App> @ http://localhost:4321/node_modules/.vite/deps/chunk-S7BDWQ5K.js?v=d85c258a:2224
[    2308ms] [WARNING] [Vue warn]: Hydration node mismatch:
- rendered on server: JSHandle@node  
- expected on client: Symbol(v-cmt) 
  at <IconList items= [Object, Object, Object, Object, Object, Object, Object, Object, Object, Object, Object, Object, Object, Object, Object, Object] columns=4 density="tight"  ... > 
  at <App> @ http://localhost:4321/node_modules/.vite/deps/chunk-S7BDWQ5K.js?v=d85c258a:2224
[    2308ms] [WARNING] [Vue warn]: Hydration node mismatch:
- rendered on server: JSHandle@node  
- expected on client: Symbol(v-cmt) 
  at <IconList items= [Object, Object, Object, Object, Object, Object, Object, Object, Object, Object, Object, Object, Object, Object, Object, Object] columns=4 density="tight"  ... > 
  at <App> @ http://localhost:4321/node_modules/.vite/deps/chunk-S7BDWQ5K.js?v=d85c258a:2224
[    2308ms] [WARNING] [Vue warn]: Hydration node mismatch:
- rendered on server: JSHandle@node  
- expected on client: Symbol(v-cmt) 
  at <IconList items= [Object, Object, Object, Object, Object, Object, Object, Object, Object, Object, Object, Object, Object, Object, Object, Object] columns=4 density="tight"  ... > 
  at <App> @ http://localhost:4321/node_modules/.vite/deps/chunk-S7BDWQ5K.js?v=d85c258a:2224
[    2309ms] [WARNING] [Vue warn]: Hydration node mismatch:
- rendered on server: JSHandle@node  
- expected on client: Symbol(v-cmt) 
  at <IconList items= [Object, Object, Object, Object, Object, Object, Object, Object, Object, Object, Object, Object, Object, Object, Object, Object] columns=4 density="tight"  ... > 
  at <App> @ http://localhost:4321/node_modules/.vite/deps/chunk-S7BDWQ5K.js?v=d85c258a:2224
[    2309ms] [WARNING] [Vue warn]: Hydration node mismatch:
- rendered on server: JSHandle@node  
- expected on client: Symbol(v-cmt) 
  at <IconList items= [Object, Object, Object, Object, Object, Object, Object, Object, Object, Object, Object, Object, Object, Object, Object, Object] columns=4 density="tight"  ... > 
  at <App> @ http://localhost:4321/node_modules/.vite/deps/chunk-S7BDWQ5K.js?v=d85c258a:2224
[    2309ms] [WARNING] [Vue warn]: Hydration node mismatch:
- rendered on server: JSHandle@node  
- expected on client: Symbol(v-cmt) 
  at <IconList items= [Object, Object, Object, Object, Object, Object, Object, Object, Object, Object, Object, Object, Object, Object, Object, Object] columns=4 density="tight"  ... > 
  at <App> @ http://localhost:4321/node_modules/.vite/deps/chunk-S7BDWQ5K.js?v=d85c258a:2224
[    2309ms] [WARNING] [Vue warn]: Hydration node mismatch:
- rendered on server: JSHandle@node  
- expected on client: Symbol(v-cmt) 
  at <IconList items= [Object, Object, Object, Object, Object, Object, Object, Object, Object, Object, Object, Object, Object, Object, Object, Object] columns=4 density="tight"  ... > 
  at <App> @ http://localhost:4321/node_modules/.vite/deps/chunk-S7BDWQ5K.js?v=d85c258a:2224
[    2309ms] [WARNING] [Vue warn]: Hydration node mismatch:
- rendered on server: JSHandle@node  
- expected on client: Symbol(v-cmt) 
  at <IconList items= [Object, Object, Object, Object, Object, Object, Object, Object, Object, Object, Object, Object, Object, Object, Object, Object] columns=4 density="tight"  ... > 
  at <App> @ http://localhost:4321/node_modules/.vite/deps/chunk-S7BDWQ5K.js?v=d85c258a:2224
[    2309ms] [WARNING] [Vue warn]: Hydration node mismatch:
- rendered on server: JSHandle@node  
- expected on client: Symbol(v-cmt) 
  at <IconList items= [Object, Object, Object, Object, Object, Object, Object, Object, Object, Object, Object, Object, Object, Object, Object, Object] columns=4 density="tight"  ... > 
  at <App> @ http://localhost:4321/node_modules/.vite/deps/chunk-S7BDWQ5K.js?v=d85c258a:2224
[    2310ms] [WARNING] [Vue warn]: Hydration node mismatch:
- rendered on server: JSHandle@node  
- expected on client: Symbol(v-cmt) 
  at <IconList items= [Object, Object, Object, Object] columns=2 density="tight"  ... > 
  at <App> @ http://localhost:4321/node_modules/.vite/deps/chunk-S7BDWQ5K.js?v=d85c258a:2224
[    2310ms] [WARNING] [Vue warn]: Hydration node mismatch:
- rendered on server: JSHandle@node  
- expected on client: Symbol(v-cmt) 
  at <IconList items= [Object, Object, Object, Object] columns=2 density="tight"  ... > 
  at <App> @ http://localhost:4321/node_modules/.vite/deps/chunk-S7BDWQ5K.js?v=d85c258a:2224
[    2310ms] [WARNING] [Vue warn]: Hydration node mismatch:
- rendered on server: JSHandle@node  
- expected on client: Symbol(v-cmt) 
  at <IconList items= [Object, Object, Object, Object] columns=2 density="tight"  ... > 
  at <App> @ http://localhost:4321/node_modules/.vite/deps/chunk-S7BDWQ5K.js?v=d85c258a:2224
[    2310ms] [WARNING] [Vue warn]: Hydration node mismatch:
- rendered on server: JSHandle@node  
- expected on client: Symbol(v-cmt) 
  at <IconList items= [Object, Object, Object, Object] columns=2 density="tight"  ... > 
  at <App> @ http://localhost:4321/node_modules/.vite/deps/chunk-S7BDWQ5K.js?v=d85c258a:2224
[    2318ms] [WARNING] [Vue warn]: Hydration node mismatch:
- rendered on server: JSHandle@node  
- expected on client: Symbol(v-cmt) 
  at <StatBlock value="30 t" label="CO₂ je Haus" caption="Speicherung im Holzbau über den Lebenszyklus."  ... > 
  at <App> @ http://localhost:4321/node_modules/.vite/deps/chunk-S7BDWQ5K.js?v=d85c258a:2224
[    2385ms] [ERROR] Failed to load resource: the server responded with a status of 404 (Not Found) @ http://localhost:4321/favicon.ico:0
[    5505ms] [ERROR] Failed to load resource: the server responded with a status of 504 (Outdated Optimize Dep) @ http://localhost:4321/@id/astro/runtime/client/dev-toolbar/entrypoint.js:0
[    5668ms] [WARNING] [Vue warn]: Hydration node mismatch:
- rendered on server: JSHandle@node  
- expected on client: Symbol(v-cmt) 
  at <IconList items= [Object, Object, Object, Object] data-astro-cid-vocvlaec=true > 
  at <App> @ http://localhost:4321/node_modules/.vite/deps/chunk-3X7U6WLL.js?v=8f5163ad:2404
[    5668ms] [ERROR] Hydration completed but contains mismatches. @ http://localhost:4321/node_modules/.vite/deps/chunk-3X7U6WLL.js?v=8f5163ad:4240
[    5668ms] [WARNING] [Vue warn]: Hydration node mismatch:
- rendered on server: JSHandle@node  
- expected on client: Symbol(v-cmt) 
  at <IconList items= [Object, Object, Object, Object] data-astro-cid-vocvlaec=true > 
  at <App> @ http://localhost:4321/node_modules/.vite/deps/chunk-3X7U6WLL.js?v=8f5163ad:2404
[    5668ms] [WARNING] [Vue warn]: Hydration node mismatch:
- rendered on server: JSHandle@node  
- expected on client: Symbol(v-cmt) 
  at <IconList items= [Object, Object, Object, Object] data-astro-cid-vocvlaec=true > 
  at <App> @ http://localhost:4321/node_modules/.vite/deps/chunk-3X7U6WLL.js?v=8f5163ad:2404
[    5668ms] [WARNING] [Vue warn]: Hydration node mismatch:
- rendered on server: JSHandle@node  
- expected on client: Symbol(v-cmt) 
  at <IconList items= [Object, Object, Object, Object] data-astro-cid-vocvlaec=true > 
  at <App> @ http://localhost:4321/node_modules/.vite/deps/chunk-3X7U6WLL.js?v=8f5163ad:2404
[    5670ms] [WARNING] [Vue warn]: Hydration node mismatch:
- rendered on server: JSHandle@node  
- expected on client: Symbol(v-cmt) 
  at <IconList items= [Object, Object, Object, Object, Object, Object, Object, Object, Object, Object, Object, Object, Object, Object, Object, Object] columns=4 density="tight"  ... > 
  at <App> @ http://localhost:4321/node_modules/.vite/deps/chunk-3X7U6WLL.js?v=8f5163ad:2404
[    5670ms] [WARNING] [Vue warn]: Hydration node mismatch:
- rendered on server: JSHandle@node  
- expected on client: Symbol(v-cmt) 
  at <IconList items= [Object, Object, Object, Object, Object, Object, Object, Object, Object, Object, Object, Object, Object, Object, Object, Object] columns=4 density="tight"  ... > 
  at <App> @ http://localhost:4321/node_modules/.vite/deps/chunk-3X7U6WLL.js?v=8f5163ad:2404
[    5670ms] [WARNING] [Vue warn]: Hydration node mismatch:
- rendered on server: JSHandle@node  
- expected on client: Symbol(v-cmt) 
  at <IconList items= [Object, Object, Object, Object, Object, Object, Object, Object, Object, Object, Object, Object, Object, Object, Object, Object] columns=4 density="tight"  ... > 
  at <App> @ http://localhost:4321/node_modules/.vite/deps/chunk-3X7U6WLL.js?v=8f5163ad:2404
[    5670ms] [WARNING] [Vue warn]: Hydration node mismatch:
- rendered on server: JSHandle@node  
- expected on client: Symbol(v-cmt) 
  at <IconList items= [Object, Object, Object, Object, Object, Object, Object, Object, Object, Object, Object, Object, Object, Object, Object, Object] columns=4 density="tight"  ... > 
  at <App> @ http://localhost:4321/node_modules/.vite/deps/chunk-3X7U6WLL.js?v=8f5163ad:2404
[    5670ms] [WARNING] [Vue warn]: Hydration node mismatch:
- rendered on server: JSHandle@node  
- expected on client: Symbol(v-cmt) 
  at <IconList items= [Object, Object, Object, Object, Object, Object, Object, Object, Object, Object, Object, Object, Object, Object, Object, Object] columns=4 density="tight"  ... > 
  at <App> @ http://localhost:4321/node_modules/.vite/deps/chunk-3X7U6WLL.js?v=8f5163ad:2404
[    5671ms] [WARNING] [Vue warn]: Hydration node mismatch:
- rendered on server: JSHandle@node  
- expected on client: Symbol(v-cmt) 
  at <IconList items= [Object, Object, Object, Object, Object, Object, Object, Object, Object, Object, Object, Object, Object, Object, Object, Object] columns=4 density="tight"  ... > 
  at <App> @ http://localhost:4321/node_modules/.vite/deps/chunk-3X7U6WLL.js?v=8f5163ad:2404
[    5671ms] [WARNING] [Vue warn]: Hydration node mismatch:
- rendered on server: JSHandle@node  
- expected on client: Symbol(v-cmt) 
  at <IconList items= [Object, Object, Object, Object, Object, Object, Object, Object, Object, Object, Object, Object, Object, Object, Object, Object] columns=4 density="tight"  ... > 
  at <App> @ http://localhost:4321/node_modules/.vite/deps/chunk-3X7U6WLL.js?v=8f5163ad:2404
[    5671ms] [WARNING] [Vue warn]: Hydration node mismatch:
- rendered on server: JSHandle@node  
- expected on client: Symbol(v-cmt) 
  at <IconList items= [Object, Object, Object, Object, Object, Object, Object, Object, Object, Object, Object, Object, Object, Object, Object, Object] columns=4 density="tight"  ... > 
  at <App> @ http://localhost:4321/node_modules/.vite/deps/chunk-3X7U6WLL.js?v=8f5163ad:2404
[    5671ms] [WARNING] [Vue warn]: Hydration node mismatch:
- rendered on server: JSHandle@node  
- expected on client: Symbol(v-cmt) 
  at <IconList items= [Object, Object, Object, Object, Object, Object, Object, Object, Object, Object, Object, Object, Object, Object, Object, Object] columns=4 density="tight"  ... > 
  at <App> @ http://localhost:4321/node_modules/.vite/deps/chunk-3X7U6WLL.js?v=8f5163ad:2404
[    5671ms] [WARNING] [Vue warn]: Hydration node mismatch:
- rendered on server: JSHandle@node  
- expected on client: Symbol(v-cmt) 
  at <IconList items= [Object, Object, Object, Object, Object, Object, Object, Object, Object, Object, Object, Object, Object, Object, Object, Object] columns=4 density="tight"  ... > 
  at <App> @ http://localhost:4321/node_modules/.vite/deps/chunk-3X7U6WLL.js?v=8f5163ad:2404
[    5671ms] [WARNING] [Vue warn]: Hydration node mismatch:
- rendered on server: JSHandle@node  
- expected on client: Symbol(v-cmt) 
  at <IconList items= [Object, Object, Object, Object, Object, Object, Object, Object, Object, Object, Object, Object, Object, Object, Object, Object] columns=4 density="tight"  ... > 
  at <App> @ http://localhost:4321/node_modules/.vite/deps/chunk-3X7U6WLL.js?v=8f5163ad:2404
[    5672ms] [WARNING] [Vue warn]: Hydration node mismatch:
- rendered on server: JSHandle@node  
- expected on client: Symbol(v-cmt) 
  at <IconList items= [Object, Object, Object, Object, Object, Object, Object, Object, Object, Object, Object, Object, Object, Object, Object, Object] columns=4 density="tight"  ... > 
  at <App> @ http://localhost:4321/node_modules/.vite/deps/chunk-3X7U6WLL.js?v=8f5163ad:2404
[    5672ms] [WARNING] [Vue warn]: Hydration node mismatch:
- rendered on server: JSHandle@node  
- expected on client: Symbol(v-cmt) 
  at <IconList items= [Object, Object, Object, Object, Object, Object, Object, Object, Object, Object, Object, Object, Object, Object, Object, Object] columns=4 density="tight"  ... > 
  at <App> @ http://localhost:4321/node_modules/.vite/deps/chunk-3X7U6WLL.js?v=8f5163ad:2404
[    5672ms] [WARNING] [Vue warn]: Hydration node mismatch:
- rendered on server: JSHandle@node  
- expected on client: Symbol(v-cmt) 
  at <IconList items= [Object, Object, Object, Object, Object, Object, Object, Object, Object, Object, Object, Object, Object, Object, Object, Object] columns=4 density="tight"  ... > 
  at <App> @ http://localhost:4321/node_modules/.vite/deps/chunk-3X7U6WLL.js?v=8f5163ad:2404
[    5672ms] [WARNING] [Vue warn]: Hydration node mismatch:
- rendered on server: JSHandle@node  
- expected on client: Symbol(v-cmt) 
  at <IconList items= [Object, Object, Object, Object, Object, Object, Object, Object, Object, Object, Object, Object, Object, Object, Object, Object] columns=4 density="tight"  ... > 
  at <App> @ http://localhost:4321/node_modules/.vite/deps/chunk-3X7U6WLL.js?v=8f5163ad:2404
[    5672ms] [WARNING] [Vue warn]: Hydration node mismatch:
- rendered on server: JSHandle@node  
- expected on client: Symbol(v-cmt) 
  at <IconList items= [Object, Object, Object, Object, Object, Object, Object, Object, Object, Object, Object, Object, Object, Object, Object, Object] columns=4 density="tight"  ... > 
  at <App> @ http://localhost:4321/node_modules/.vite/deps/chunk-3X7U6WLL.js?v=8f5163ad:2404
[    5673ms] [WARNING] [Vue warn]: Hydration node mismatch:
- rendered on server: JSHandle@node  
- expected on client: Symbol(v-cmt) 
  at <IconList items= [Object, Object, Object, Object] columns=2 density="tight"  ... > 
  at <App> @ http://localhost:4321/node_modules/.vite/deps/chunk-3X7U6WLL.js?v=8f5163ad:2404
[    5673ms] [WARNING] [Vue warn]: Hydration node mismatch:
- rendered on server: JSHandle@node  
- expected on client: Symbol(v-cmt) 
  at <IconList items= [Object, Object, Object, Object] columns=2 density="tight"  ... > 
  at <App> @ http://localhost:4321/node_modules/.vite/deps/chunk-3X7U6WLL.js?v=8f5163ad:2404
[    5674ms] [WARNING] [Vue warn]: Hydration node mismatch:
- rendered on server: JSHandle@node  
- expected on client: Symbol(v-cmt) 
  at <IconList items= [Object, Object, Object, Object] columns=2 density="tight"  ... > 
  at <App> @ http://localhost:4321/node_modules/.vite/deps/chunk-3X7U6WLL.js?v=8f5163ad:2404
[    5674ms] [WARNING] [Vue warn]: Hydration node mismatch:
- rendered on server: JSHandle@node  
- expected on client: Symbol(v-cmt) 
  at <IconList items= [Object, Object, Object, Object] columns=2 density="tight"  ... > 
  at <App> @ http://localhost:4321/node_modules/.vite/deps/chunk-3X7U6WLL.js?v=8f5163ad:2404
[    5674ms] [WARNING] [Vue warn]: Hydration node mismatch:
- rendered on server: JSHandle@node  
- expected on client: Symbol(v-cmt) 
  at <StepCard step=2 title="Planung" description="Architektur, Statik und Genehmigungsplanung. Wir koordinieren alle Gewerke."  ... > 
  at <App> @ http://localhost:4321/node_modules/.vite/deps/chunk-3X7U6WLL.js?v=8f5163ad:2404
[    5675ms] [WARNING] [Vue warn]: Hydration node mismatch:
- rendered on server: JSHandle@node  
- expected on client: Symbol(v-cmt) 
  at <StepCard step=3 title="Bau & Übergabe" description="Vorfertigung im Werk, Montage in 1–3 Tagen, schlüsselfertige Übergabe."  ... > 
  at <App> @ http://localhost:4321/node_modules/.vite/deps/chunk-3X7U6WLL.js?v=8f5163ad:2404
[    5675ms] [WARNING] [Vue warn]: Hydration node mismatch:
- rendered on server: JSHandle@node  
- expected on client: Symbol(v-cmt) 
  at <StatBlock value="90" label="Jahre Erfahrung" caption=undefined  ... > 
  at <App> @ http://localhost:4321/node_modules/.vite/deps/chunk-3X7U6WLL.js?v=8f5163ad:2404
[    5676ms] [WARNING] [Vue warn]: Hydration node mismatch:
- rendered on server: JSHandle@node  
- expected on client: Symbol(v-cmt) 
  at <StatBlock value="16" label="Gute Gründe" caption=undefined  ... > 
  at <App> @ http://localhost:4321/node_modules/.vite/deps/chunk-3X7U6WLL.js?v=8f5163ad:2404
[    5676ms] [WARNING] [Vue warn]: Hydration node mismatch:
- rendered on server: JSHandle@node  
- expected on client: Symbol(v-cmt) 
  at <StatBlock value="30 t" label="CO₂ je Haus" caption="Speicherung im Holzbau über den Lebenszyklus."  ... > 
  at <App> @ http://localhost:4321/node_modules/.vite/deps/chunk-3X7U6WLL.js?v=8f5163ad:2404
[    5677ms] [WARNING] [Vue warn]: Hydration node mismatch:
- rendered on server: JSHandle@node  
- expected on client: Symbol(v-cmt) 
  at <StepCard step=1 title="Konzept" description="Beratung, Grundriss-Skizze und ein realistisches Budget — gemeinsam in zwei Wochen."  ... > 
  at <App> @ http://localhost:4321/node_modules/.vite/deps/chunk-3X7U6WLL.js?v=8f5163ad:2404
[    5679ms] [WARNING] [Vue warn]: Hydration node mismatch:
- rendered on server: JSHandle@node  
- expected on client: Symbol(v-cmt) 
  at <StatBlock value="KfW 40" label="Effizienzklasse" caption=undefined  ... > 
  at <App> @ http://localhost:4321/node_modules/.vite/deps/chunk-3X7U6WLL.js?v=8f5163ad:2404
[  160254ms] [ERROR] Failed to load resource: the server responded with a status of 504 (Outdated Optimize Dep) @ http://localhost:4321/@id/astro/runtime/client/dev-toolbar/entrypoint.js:0
