[      71ms] [ERROR] Failed to load resource: the server responded with a status of 504 (Outdated Optimize Dep) @ http://localhost:4321/@id/astro/runtime/client/dev-toolbar/entrypoint.js:0
[      85ms] [WARNING] [Vue warn]: Hydration attribute mismatch on JSHandle@node 
  - rendered on server: (not rendered)
  - expected on client: slot="actions"
  Note: this mismatch is check-only. The DOM will not be rectified in production due to performance overhead.
  You should fix the source of the mismatch. 
  at <Button slot="actions" variant="primary" size="md"  ... > 
  at <App> @ http://localhost:4321/node_modules/.vite/deps/chunk-6GZIJ5RA.js?v=4f60b946:2404
[      85ms] [ERROR] Hydration completed but contains mismatches. @ http://localhost:4321/node_modules/.vite/deps/chunk-6GZIJ5RA.js?v=4f60b946:4240
[      85ms] [WARNING] [Vue warn]: Hydration attribute mismatch on JSHandle@node 
  - rendered on server: (not rendered)
  - expected on client: slot="actions"
  Note: this mismatch is check-only. The DOM will not be rectified in production due to performance overhead.
  You should fix the source of the mismatch. 
  at <Button slot="actions" variant="tertiary" size="md"  ... > 
  at <App> @ http://localhost:4321/node_modules/.vite/deps/chunk-6GZIJ5RA.js?v=4f60b946:2404
[      85ms] [WARNING] [Vue warn]: Hydration attribute mismatch on JSHandle@node 
  - rendered on server: (not rendered)
  - expected on client: slot="actions"
  Note: this mismatch is check-only. The DOM will not be rectified in production due to performance overhead.
  You should fix the source of the mismatch. 
  at <Button slot="actions" variant="primary" size="md"  ... > 
  at <App> @ http://localhost:4321/node_modules/.vite/deps/chunk-6GZIJ5RA.js?v=4f60b946:2404
[      86ms] [WARNING] [Vue warn]: Hydration attribute mismatch on JSHandle@node 
  - rendered on server: (not rendered)
  - expected on client: slot="actions"
  Note: this mismatch is check-only. The DOM will not be rectified in production due to performance overhead.
  You should fix the source of the mismatch. 
  at <Button slot="actions" variant="secondary" size="md"  ... > 
  at <App> @ http://localhost:4321/node_modules/.vite/deps/chunk-6GZIJ5RA.js?v=4f60b946:2404
[      87ms] [WARNING] [Vue warn]: Hydration attribute mismatch on JSHandle@node 
  - rendered on server: (not rendered)
  - expected on client: slot="actions"
  Note: this mismatch is check-only. The DOM will not be rectified in production due to performance overhead.
  You should fix the source of the mismatch. 
  at <Button slot="actions" variant="secondary" size="md"  ... > 
  at <App> @ http://localhost:4321/node_modules/.vite/deps/chunk-6GZIJ5RA.js?v=4f60b946:2404
[   23248ms] [ERROR] Failed to load resource: the server responded with a status of 504 (Outdated Optimize Dep) @ http://localhost:4321/@id/astro/runtime/client/dev-toolbar/entrypoint.js:0
[   23270ms] [WARNING] [Vue warn]: Hydration attribute mismatch on JSHandle@node 
  - rendered on server: (not rendered)
  - expected on client: slot="actions"
  Note: this mismatch is check-only. The DOM will not be rectified in production due to performance overhead.
  You should fix the source of the mismatch. 
  at <Button slot="actions" variant="secondary" size="md"  ... > 
  at <App> @ http://localhost:4321/node_modules/.vite/deps/chunk-6GZIJ5RA.js?v=4f60b946:2404
[   23270ms] [ERROR] Hydration completed but contains mismatches. @ http://localhost:4321/node_modules/.vite/deps/chunk-6GZIJ5RA.js?v=4f60b946:4240
[   23271ms] [WARNING] [Vue warn]: Hydration attribute mismatch on JSHandle@node 
  - rendered on server: (not rendered)
  - expected on client: slot="actions"
  Note: this mismatch is check-only. The DOM will not be rectified in production due to performance overhead.
  You should fix the source of the mismatch. 
  at <Button slot="actions" variant="primary" size="md"  ... > 
  at <App> @ http://localhost:4321/node_modules/.vite/deps/chunk-6GZIJ5RA.js?v=4f60b946:2404
[   23271ms] [WARNING] [Vue warn]: Hydration attribute mismatch on JSHandle@node 
  - rendered on server: (not rendered)
  - expected on client: slot="actions"
  Note: this mismatch is check-only. The DOM will not be rectified in production due to performance overhead.
  You should fix the source of the mismatch. 
  at <Button slot="actions" variant="tertiary" size="md"  ... > 
  at <App> @ http://localhost:4321/node_modules/.vite/deps/chunk-6GZIJ5RA.js?v=4f60b946:2404
[   23271ms] [WARNING] [Vue warn]: Hydration attribute mismatch on JSHandle@node 
  - rendered on server: (not rendered)
  - expected on client: slot="actions"
  Note: this mismatch is check-only. The DOM will not be rectified in production due to performance overhead.
  You should fix the source of the mismatch. 
  at <Button slot="actions" variant="primary" size="md"  ... > 
  at <App> @ http://localhost:4321/node_modules/.vite/deps/chunk-6GZIJ5RA.js?v=4f60b946:2404
[   23271ms] [WARNING] [Vue warn]: Hydration attribute mismatch on JSHandle@node 
  - rendered on server: (not rendered)
  - expected on client: slot="actions"
  Note: this mismatch is check-only. The DOM will not be rectified in production due to performance overhead.
  You should fix the source of the mismatch. 
  at <Button slot="actions" variant="secondary" size="md"  ... > 
  at <App> @ http://localhost:4321/node_modules/.vite/deps/chunk-6GZIJ5RA.js?v=4f60b946:2404
[   64234ms] [ERROR] Failed to load resource: the server responded with a status of 504 (Outdated Optimize Dep) @ http://localhost:4321/@id/astro/runtime/client/dev-toolbar/entrypoint.js:0
[   64249ms] [WARNING] [Vue warn]: Hydration attribute mismatch on JSHandle@node 
  - rendered on server: (not rendered)
  - expected on client: slot="actions"
  Note: this mismatch is check-only. The DOM will not be rectified in production due to performance overhead.
  You should fix the source of the mismatch. 
  at <Button slot="actions" variant="tertiary" size="md"  ... > 
  at <App> @ http://localhost:4321/node_modules/.vite/deps/chunk-6GZIJ5RA.js?v=4f60b946:2404
[   64250ms] [ERROR] Hydration completed but contains mismatches. @ http://localhost:4321/node_modules/.vite/deps/chunk-6GZIJ5RA.js?v=4f60b946:4240
[   64250ms] [WARNING] [Vue warn]: Hydration attribute mismatch on JSHandle@node 
  - rendered on server: (not rendered)
  - expected on client: slot="actions"
  Note: this mismatch is check-only. The DOM will not be rectified in production due to performance overhead.
  You should fix the source of the mismatch. 
  at <Button slot="actions" variant="secondary" size="md"  ... > 
  at <App> @ http://localhost:4321/node_modules/.vite/deps/chunk-6GZIJ5RA.js?v=4f60b946:2404
[   64250ms] [WARNING] [Vue warn]: Hydration attribute mismatch on JSHandle@node 
  - rendered on server: (not rendered)
  - expected on client: slot="actions"
  Note: this mismatch is check-only. The DOM will not be rectified in production due to performance overhead.
  You should fix the source of the mismatch. 
  at <Button slot="actions" variant="primary" size="md"  ... > 
  at <App> @ http://localhost:4321/node_modules/.vite/deps/chunk-6GZIJ5RA.js?v=4f60b946:2404
[   64250ms] [WARNING] [Vue warn]: Hydration attribute mismatch on JSHandle@node 
  - rendered on server: (not rendered)
  - expected on client: slot="actions"
  Note: this mismatch is check-only. The DOM will not be rectified in production due to performance overhead.
  You should fix the source of the mismatch. 
  at <Button slot="actions" variant="primary" size="md"  ... > 
  at <App> @ http://localhost:4321/node_modules/.vite/deps/chunk-6GZIJ5RA.js?v=4f60b946:2404
[   64250ms] [WARNING] [Vue warn]: Hydration attribute mismatch on JSHandle@node 
  - rendered on server: (not rendered)
  - expected on client: slot="actions"
  Note: this mismatch is check-only. The DOM will not be rectified in production due to performance overhead.
  You should fix the source of the mismatch. 
  at <Button slot="actions" variant="secondary" size="md"  ... > 
  at <App> @ http://localhost:4321/node_modules/.vite/deps/chunk-6GZIJ5RA.js?v=4f60b946:2404
[  196838ms] [WARNING] [Vue warn]: Hydration attribute mismatch on JSHandle@node 
  - rendered on server: loading="eager"
  - expected on client: loading="lazy"
  Note: this mismatch is check-only. The DOM will not be rectified in production due to performance overhead.
  You should fix the source of the mismatch. 
  at <WindowGrid eyebrow="Modell Alpha 162.1" heading="Vier Räume," highlight="ein Zuhause."  ... > 
  at <App> @ http://localhost:4321/node_modules/.vite/deps/chunk-6GZIJ5RA.js?v=4f60b946:2404
[  196839ms] [WARNING] [Vue warn]: Hydration attribute mismatch on JSHandle@node 
  - rendered on server: loading="eager"
  - expected on client: loading="lazy"
  Note: this mismatch is check-only. The DOM will not be rectified in production due to performance overhead.
  You should fix the source of the mismatch. 
  at <WindowGrid eyebrow="Modell Alpha 162.1" heading="Vier Räume," highlight="ein Zuhause."  ... > 
  at <App> @ http://localhost:4321/node_modules/.vite/deps/chunk-6GZIJ5RA.js?v=4f60b946:2404
[  196839ms] [WARNING] [Vue warn]: Hydration attribute mismatch on JSHandle@node 
  - rendered on server: loading="eager"
  - expected on client: loading="lazy"
  Note: this mismatch is check-only. The DOM will not be rectified in production due to performance overhead.
  You should fix the source of the mismatch. 
  at <WindowGrid eyebrow="Modell Alpha 162.1" heading="Vier Räume," highlight="ein Zuhause."  ... > 
  at <App> @ http://localhost:4321/node_modules/.vite/deps/chunk-6GZIJ5RA.js?v=4f60b946:2404
[  196839ms] [WARNING] [Vue warn]: Hydration attribute mismatch on JSHandle@node 
  - rendered on server: loading="eager"
  - expected on client: loading="lazy"
  Note: this mismatch is check-only. The DOM will not be rectified in production due to performance overhead.
  You should fix the source of the mismatch. 
  at <WindowGrid eyebrow="Modell Alpha 162.1" heading="Vier Räume," highlight="ein Zuhause."  ... > 
  at <App> @ http://localhost:4321/node_modules/.vite/deps/chunk-6GZIJ5RA.js?v=4f60b946:2404
[  572344ms] [ERROR] Failed to load resource: the server responded with a status of 504 (Outdated Optimize Dep) @ http://localhost:4321/@id/astro/runtime/client/dev-toolbar/entrypoint.js:0
[  572354ms] [WARNING] [Vue warn]: Hydration attribute mismatch on JSHandle@node 
  - rendered on server: (not rendered)
  - expected on client: slot="actions"
  Note: this mismatch is check-only. The DOM will not be rectified in production due to performance overhead.
  You should fix the source of the mismatch. 
  at <Button slot="actions" variant="secondary" size="md"  ... > 
  at <App> @ http://localhost:4321/node_modules/.vite/deps/chunk-6GZIJ5RA.js?v=4f60b946:2404
[  572354ms] [ERROR] Hydration completed but contains mismatches. @ http://localhost:4321/node_modules/.vite/deps/chunk-6GZIJ5RA.js?v=4f60b946:4240
[  572354ms] [WARNING] [Vue warn]: Hydration attribute mismatch on JSHandle@node 
  - rendered on server: (not rendered)
  - expected on client: slot="actions"
  Note: this mismatch is check-only. The DOM will not be rectified in production due to performance overhead.
  You should fix the source of the mismatch. 
  at <Button slot="actions" variant="tertiary" size="md"  ... > 
  at <App> @ http://localhost:4321/node_modules/.vite/deps/chunk-6GZIJ5RA.js?v=4f60b946:2404
[  572355ms] [WARNING] [Vue warn]: Hydration attribute mismatch on JSHandle@node 
  - rendered on server: (not rendered)
  - expected on client: slot="actions"
  Note: this mismatch is check-only. The DOM will not be rectified in production due to performance overhead.
  You should fix the source of the mismatch. 
  at <Button slot="actions" variant="primary" size="md"  ... > 
  at <App> @ http://localhost:4321/node_modules/.vite/deps/chunk-6GZIJ5RA.js?v=4f60b946:2404
[  572355ms] [WARNING] [Vue warn]: Hydration attribute mismatch on JSHandle@node 
  - rendered on server: (not rendered)
  - expected on client: slot="actions"
  Note: this mismatch is check-only. The DOM will not be rectified in production due to performance overhead.
  You should fix the source of the mismatch. 
  at <Button slot="actions" variant="secondary" size="md"  ... > 
  at <App> @ http://localhost:4321/node_modules/.vite/deps/chunk-6GZIJ5RA.js?v=4f60b946:2404
[  572355ms] [WARNING] [Vue warn]: Hydration attribute mismatch on JSHandle@node 
  - rendered on server: (not rendered)
  - expected on client: slot="actions"
  Note: this mismatch is check-only. The DOM will not be rectified in production due to performance overhead.
  You should fix the source of the mismatch. 
  at <Button slot="actions" variant="primary" size="md"  ... > 
  at <App> @ http://localhost:4321/node_modules/.vite/deps/chunk-6GZIJ5RA.js?v=4f60b946:2404
[  583232ms] [ERROR] Failed to load resource: the server responded with a status of 504 (Outdated Optimize Dep) @ http://localhost:4321/@id/astro/runtime/client/dev-toolbar/entrypoint.js:0
[  583241ms] [WARNING] [Vue warn]: Hydration attribute mismatch on JSHandle@node 
  - rendered on server: (not rendered)
  - expected on client: slot="actions"
  Note: this mismatch is check-only. The DOM will not be rectified in production due to performance overhead.
  You should fix the source of the mismatch. 
  at <Button slot="actions" variant="secondary" size="md"  ... > 
  at <App> @ http://localhost:4321/node_modules/.vite/deps/chunk-6GZIJ5RA.js?v=4f60b946:2404
[  583241ms] [ERROR] Hydration completed but contains mismatches. @ http://localhost:4321/node_modules/.vite/deps/chunk-6GZIJ5RA.js?v=4f60b946:4240
[  583241ms] [WARNING] [Vue warn]: Hydration attribute mismatch on JSHandle@node 
  - rendered on server: (not rendered)
  - expected on client: slot="actions"
  Note: this mismatch is check-only. The DOM will not be rectified in production due to performance overhead.
  You should fix the source of the mismatch. 
  at <Button slot="actions" variant="primary" size="md"  ... > 
  at <App> @ http://localhost:4321/node_modules/.vite/deps/chunk-6GZIJ5RA.js?v=4f60b946:2404
[  583241ms] [WARNING] [Vue warn]: Hydration attribute mismatch on JSHandle@node 
  - rendered on server: (not rendered)
  - expected on client: slot="actions"
  Note: this mismatch is check-only. The DOM will not be rectified in production due to performance overhead.
  You should fix the source of the mismatch. 
  at <Button slot="actions" variant="secondary" size="md"  ... > 
  at <App> @ http://localhost:4321/node_modules/.vite/deps/chunk-6GZIJ5RA.js?v=4f60b946:2404
[  583242ms] [WARNING] [Vue warn]: Hydration attribute mismatch on JSHandle@node 
  - rendered on server: (not rendered)
  - expected on client: slot="actions"
  Note: this mismatch is check-only. The DOM will not be rectified in production due to performance overhead.
  You should fix the source of the mismatch. 
  at <Button slot="actions" variant="tertiary" size="md"  ... > 
  at <App> @ http://localhost:4321/node_modules/.vite/deps/chunk-6GZIJ5RA.js?v=4f60b946:2404
[  583243ms] [WARNING] [Vue warn]: Hydration attribute mismatch on JSHandle@node 
  - rendered on server: (not rendered)
  - expected on client: slot="actions"
  Note: this mismatch is check-only. The DOM will not be rectified in production due to performance overhead.
  You should fix the source of the mismatch. 
  at <Button slot="actions" variant="primary" size="md"  ... > 
  at <App> @ http://localhost:4321/node_modules/.vite/deps/chunk-6GZIJ5RA.js?v=4f60b946:2404
[  586565ms] [ERROR] Failed to load resource: the server responded with a status of 504 (Outdated Optimize Dep) @ http://localhost:4321/@id/astro/runtime/client/dev-toolbar/entrypoint.js:0
[  586579ms] [WARNING] [Vue warn]: Hydration attribute mismatch on JSHandle@node 
  - rendered on server: (not rendered)
  - expected on client: slot="actions"
  Note: this mismatch is check-only. The DOM will not be rectified in production due to performance overhead.
  You should fix the source of the mismatch. 
  at <Button slot="actions" variant="tertiary" size="md"  ... > 
  at <App> @ http://localhost:4321/node_modules/.vite/deps/chunk-6GZIJ5RA.js?v=4f60b946:2404
[  586579ms] [ERROR] Hydration completed but contains mismatches. @ http://localhost:4321/node_modules/.vite/deps/chunk-6GZIJ5RA.js?v=4f60b946:4240
[  586579ms] [WARNING] [Vue warn]: Hydration attribute mismatch on JSHandle@node 
  - rendered on server: (not rendered)
  - expected on client: slot="actions"
  Note: this mismatch is check-only. The DOM will not be rectified in production due to performance overhead.
  You should fix the source of the mismatch. 
  at <Button slot="actions" variant="primary" size="md"  ... > 
  at <App> @ http://localhost:4321/node_modules/.vite/deps/chunk-6GZIJ5RA.js?v=4f60b946:2404
[  586580ms] [WARNING] [Vue warn]: Hydration attribute mismatch on JSHandle@node 
  - rendered on server: (not rendered)
  - expected on client: slot="actions"
  Note: this mismatch is check-only. The DOM will not be rectified in production due to performance overhead.
  You should fix the source of the mismatch. 
  at <Button slot="actions" variant="primary" size="md"  ... > 
  at <App> @ http://localhost:4321/node_modules/.vite/deps/chunk-6GZIJ5RA.js?v=4f60b946:2404
[  586580ms] [WARNING] [Vue warn]: Hydration attribute mismatch on JSHandle@node 
  - rendered on server: (not rendered)
  - expected on client: slot="actions"
  Note: this mismatch is check-only. The DOM will not be rectified in production due to performance overhead.
  You should fix the source of the mismatch. 
  at <Button slot="actions" variant="secondary" size="md"  ... > 
  at <App> @ http://localhost:4321/node_modules/.vite/deps/chunk-6GZIJ5RA.js?v=4f60b946:2404
[  586581ms] [WARNING] [Vue warn]: Hydration attribute mismatch on JSHandle@node 
  - rendered on server: (not rendered)
  - expected on client: slot="actions"
  Note: this mismatch is check-only. The DOM will not be rectified in production due to performance overhead.
  You should fix the source of the mismatch. 
  at <Button slot="actions" variant="secondary" size="md"  ... > 
  at <App> @ http://localhost:4321/node_modules/.vite/deps/chunk-6GZIJ5RA.js?v=4f60b946:2404
[  629447ms] [ERROR] Failed to load resource: the server responded with a status of 504 (Outdated Optimize Dep) @ http://localhost:4321/@id/astro/runtime/client/dev-toolbar/entrypoint.js:0
[  629462ms] [WARNING] [Vue warn]: Hydration attribute mismatch on JSHandle@node 
  - rendered on server: (not rendered)
  - expected on client: slot="actions"
  Note: this mismatch is check-only. The DOM will not be rectified in production due to performance overhead.
  You should fix the source of the mismatch. 
  at <Button slot="actions" variant="secondary" size="md"  ... > 
  at <App> @ http://localhost:4321/node_modules/.vite/deps/chunk-6GZIJ5RA.js?v=4f60b946:2404
[  629463ms] [ERROR] Hydration completed but contains mismatches. @ http://localhost:4321/node_modules/.vite/deps/chunk-6GZIJ5RA.js?v=4f60b946:4240
[  629463ms] [WARNING] [Vue warn]: Hydration attribute mismatch on JSHandle@node 
  - rendered on server: (not rendered)
  - expected on client: slot="actions"
  Note: this mismatch is check-only. The DOM will not be rectified in production due to performance overhead.
  You should fix the source of the mismatch. 
  at <Button slot="actions" variant="tertiary" size="md"  ... > 
  at <App> @ http://localhost:4321/node_modules/.vite/deps/chunk-6GZIJ5RA.js?v=4f60b946:2404
[  629463ms] [WARNING] [Vue warn]: Hydration attribute mismatch on JSHandle@node 
  - rendered on server: (not rendered)
  - expected on client: slot="actions"
  Note: this mismatch is check-only. The DOM will not be rectified in production due to performance overhead.
  You should fix the source of the mismatch. 
  at <Button slot="actions" variant="primary" size="md"  ... > 
  at <App> @ http://localhost:4321/node_modules/.vite/deps/chunk-6GZIJ5RA.js?v=4f60b946:2404
[  629463ms] [WARNING] [Vue warn]: Hydration attribute mismatch on JSHandle@node 
  - rendered on server: (not rendered)
  - expected on client: slot="actions"
  Note: this mismatch is check-only. The DOM will not be rectified in production due to performance overhead.
  You should fix the source of the mismatch. 
  at <Button slot="actions" variant="primary" size="md"  ... > 
  at <App> @ http://localhost:4321/node_modules/.vite/deps/chunk-6GZIJ5RA.js?v=4f60b946:2404
[  629463ms] [WARNING] [Vue warn]: Hydration attribute mismatch on JSHandle@node 
  - rendered on server: (not rendered)
  - expected on client: slot="actions"
  Note: this mismatch is check-only. The DOM will not be rectified in production due to performance overhead.
  You should fix the source of the mismatch. 
  at <Button slot="actions" variant="secondary" size="md"  ... > 
  at <App> @ http://localhost:4321/node_modules/.vite/deps/chunk-6GZIJ5RA.js?v=4f60b946:2404
[  841887ms] [ERROR] Failed to load resource: the server responded with a status of 504 (Outdated Optimize Dep) @ http://localhost:4321/@id/astro/runtime/client/dev-toolbar/entrypoint.js:0
[  841898ms] [WARNING] [Vue warn]: Hydration attribute mismatch on JSHandle@node 
  - rendered on server: (not rendered)
  - expected on client: slot="actions"
  Note: this mismatch is check-only. The DOM will not be rectified in production due to performance overhead.
  You should fix the source of the mismatch. 
  at <Button slot="actions" variant="secondary" size="md"  ... > 
  at <App> @ http://localhost:4321/node_modules/.vite/deps/chunk-6GZIJ5RA.js?v=4f60b946:2404
[  841898ms] [ERROR] Hydration completed but contains mismatches. @ http://localhost:4321/node_modules/.vite/deps/chunk-6GZIJ5RA.js?v=4f60b946:4240
[  841898ms] [WARNING] [Vue warn]: Hydration attribute mismatch on JSHandle@node 
  - rendered on server: (not rendered)
  - expected on client: slot="actions"
  Note: this mismatch is check-only. The DOM will not be rectified in production due to performance overhead.
  You should fix the source of the mismatch. 
  at <Button slot="actions" variant="secondary" size="md"  ... > 
  at <App> @ http://localhost:4321/node_modules/.vite/deps/chunk-6GZIJ5RA.js?v=4f60b946:2404
[  841898ms] [WARNING] [Vue warn]: Hydration attribute mismatch on JSHandle@node 
  - rendered on server: (not rendered)
  - expected on client: slot="actions"
  Note: this mismatch is check-only. The DOM will not be rectified in production due to performance overhead.
  You should fix the source of the mismatch. 
  at <Button slot="actions" variant="tertiary" size="md"  ... > 
  at <App> @ http://localhost:4321/node_modules/.vite/deps/chunk-6GZIJ5RA.js?v=4f60b946:2404
[  841899ms] [WARNING] [Vue warn]: Hydration attribute mismatch on JSHandle@node 
  - rendered on server: (not rendered)
  - expected on client: slot="actions"
  Note: this mismatch is check-only. The DOM will not be rectified in production due to performance overhead.
  You should fix the source of the mismatch. 
  at <Button slot="actions" variant="primary" size="md"  ... > 
  at <App> @ http://localhost:4321/node_modules/.vite/deps/chunk-6GZIJ5RA.js?v=4f60b946:2404
[  841899ms] [WARNING] [Vue warn]: Hydration attribute mismatch on JSHandle@node 
  - rendered on server: (not rendered)
  - expected on client: slot="actions"
  Note: this mismatch is check-only. The DOM will not be rectified in production due to performance overhead.
  You should fix the source of the mismatch. 
  at <Button slot="actions" variant="primary" size="md"  ... > 
  at <App> @ http://localhost:4321/node_modules/.vite/deps/chunk-6GZIJ5RA.js?v=4f60b946:2404
[  892349ms] [ERROR] Failed to load resource: the server responded with a status of 504 (Outdated Optimize Dep) @ http://localhost:4321/@id/astro/runtime/client/dev-toolbar/entrypoint.js:0
[  892356ms] [WARNING] [Vue warn]: Hydration attribute mismatch on JSHandle@node 
  - rendered on server: (not rendered)
  - expected on client: slot="actions"
  Note: this mismatch is check-only. The DOM will not be rectified in production due to performance overhead.
  You should fix the source of the mismatch. 
  at <Button slot="actions" variant="tertiary" size="md"  ... > 
  at <App> @ http://localhost:4321/node_modules/.vite/deps/chunk-6GZIJ5RA.js?v=4f60b946:2404
[  892356ms] [ERROR] Hydration completed but contains mismatches. @ http://localhost:4321/node_modules/.vite/deps/chunk-6GZIJ5RA.js?v=4f60b946:4240
[  892357ms] [WARNING] [Vue warn]: Hydration attribute mismatch on JSHandle@node 
  - rendered on server: (not rendered)
  - expected on client: slot="actions"
  Note: this mismatch is check-only. The DOM will not be rectified in production due to performance overhead.
  You should fix the source of the mismatch. 
  at <Button slot="actions" variant="secondary" size="md"  ... > 
  at <App> @ http://localhost:4321/node_modules/.vite/deps/chunk-6GZIJ5RA.js?v=4f60b946:2404
[  892357ms] [WARNING] [Vue warn]: Hydration attribute mismatch on JSHandle@node 
  - rendered on server: (not rendered)
  - expected on client: slot="actions"
  Note: this mismatch is check-only. The DOM will not be rectified in production due to performance overhead.
  You should fix the source of the mismatch. 
  at <Button slot="actions" variant="primary" size="md"  ... > 
  at <App> @ http://localhost:4321/node_modules/.vite/deps/chunk-6GZIJ5RA.js?v=4f60b946:2404
[  892357ms] [WARNING] [Vue warn]: Hydration attribute mismatch on JSHandle@node 
  - rendered on server: (not rendered)
  - expected on client: slot="actions"
  Note: this mismatch is check-only. The DOM will not be rectified in production due to performance overhead.
  You should fix the source of the mismatch. 
  at <Button slot="actions" variant="secondary" size="md"  ... > 
  at <App> @ http://localhost:4321/node_modules/.vite/deps/chunk-6GZIJ5RA.js?v=4f60b946:2404
[  892357ms] [WARNING] [Vue warn]: Hydration attribute mismatch on JSHandle@node 
  - rendered on server: (not rendered)
  - expected on client: slot="actions"
  Note: this mismatch is check-only. The DOM will not be rectified in production due to performance overhead.
  You should fix the source of the mismatch. 
  at <Button slot="actions" variant="primary" size="md"  ... > 
  at <App> @ http://localhost:4321/node_modules/.vite/deps/chunk-6GZIJ5RA.js?v=4f60b946:2404
[  983590ms] [ERROR] Failed to load resource: the server responded with a status of 504 (Outdated Optimize Dep) @ http://localhost:4321/@id/astro/runtime/client/dev-toolbar/entrypoint.js:0
[  983599ms] [WARNING] [Vue warn]: Hydration attribute mismatch on JSHandle@node 
  - rendered on server: (not rendered)
  - expected on client: slot="actions"
  Note: this mismatch is check-only. The DOM will not be rectified in production due to performance overhead.
  You should fix the source of the mismatch. 
  at <Button slot="actions" variant="primary" size="md"  ... > 
  at <App> @ http://localhost:4321/node_modules/.vite/deps/chunk-6GZIJ5RA.js?v=4f60b946:2404
[  983599ms] [ERROR] Hydration completed but contains mismatches. @ http://localhost:4321/node_modules/.vite/deps/chunk-6GZIJ5RA.js?v=4f60b946:4240
[  983600ms] [WARNING] [Vue warn]: Hydration attribute mismatch on JSHandle@node 
  - rendered on server: (not rendered)
  - expected on client: slot="actions"
  Note: this mismatch is check-only. The DOM will not be rectified in production due to performance overhead.
  You should fix the source of the mismatch. 
  at <Button slot="actions" variant="secondary" size="md"  ... > 
  at <App> @ http://localhost:4321/node_modules/.vite/deps/chunk-6GZIJ5RA.js?v=4f60b946:2404
[  983600ms] [WARNING] [Vue warn]: Hydration attribute mismatch on JSHandle@node 
  - rendered on server: (not rendered)
  - expected on client: slot="actions"
  Note: this mismatch is check-only. The DOM will not be rectified in production due to performance overhead.
  You should fix the source of the mismatch. 
  at <Button slot="actions" variant="tertiary" size="md"  ... > 
  at <App> @ http://localhost:4321/node_modules/.vite/deps/chunk-6GZIJ5RA.js?v=4f60b946:2404
[  983600ms] [WARNING] [Vue warn]: Hydration attribute mismatch on JSHandle@node 
  - rendered on server: (not rendered)
  - expected on client: slot="actions"
  Note: this mismatch is check-only. The DOM will not be rectified in production due to performance overhead.
  You should fix the source of the mismatch. 
  at <Button slot="actions" variant="secondary" size="md"  ... > 
  at <App> @ http://localhost:4321/node_modules/.vite/deps/chunk-6GZIJ5RA.js?v=4f60b946:2404
[  983600ms] [WARNING] [Vue warn]: Hydration attribute mismatch on JSHandle@node 
  - rendered on server: (not rendered)
  - expected on client: slot="actions"
  Note: this mismatch is check-only. The DOM will not be rectified in production due to performance overhead.
  You should fix the source of the mismatch. 
  at <Button slot="actions" variant="primary" size="md"  ... > 
  at <App> @ http://localhost:4321/node_modules/.vite/deps/chunk-6GZIJ5RA.js?v=4f60b946:2404
[  985687ms] [ERROR] Failed to load resource: the server responded with a status of 504 (Outdated Optimize Dep) @ http://localhost:4321/@id/astro/runtime/client/dev-toolbar/entrypoint.js:0
[  985699ms] [WARNING] [Vue warn]: Hydration attribute mismatch on JSHandle@node 
  - rendered on server: (not rendered)
  - expected on client: slot="actions"
  Note: this mismatch is check-only. The DOM will not be rectified in production due to performance overhead.
  You should fix the source of the mismatch. 
  at <Button slot="actions" variant="primary" size="md"  ... > 
  at <App> @ http://localhost:4321/node_modules/.vite/deps/chunk-6GZIJ5RA.js?v=4f60b946:2404
[  985699ms] [ERROR] Hydration completed but contains mismatches. @ http://localhost:4321/node_modules/.vite/deps/chunk-6GZIJ5RA.js?v=4f60b946:4240
[  985699ms] [WARNING] [Vue warn]: Hydration attribute mismatch on JSHandle@node 
  - rendered on server: (not rendered)
  - expected on client: slot="actions"
  Note: this mismatch is check-only. The DOM will not be rectified in production due to performance overhead.
  You should fix the source of the mismatch. 
  at <Button slot="actions" variant="secondary" size="md"  ... > 
  at <App> @ http://localhost:4321/node_modules/.vite/deps/chunk-6GZIJ5RA.js?v=4f60b946:2404
[  985700ms] [WARNING] [Vue warn]: Hydration attribute mismatch on JSHandle@node 
  - rendered on server: (not rendered)
  - expected on client: slot="actions"
  Note: this mismatch is check-only. The DOM will not be rectified in production due to performance overhead.
  You should fix the source of the mismatch. 
  at <Button slot="actions" variant="tertiary" size="md"  ... > 
  at <App> @ http://localhost:4321/node_modules/.vite/deps/chunk-6GZIJ5RA.js?v=4f60b946:2404
[  985700ms] [WARNING] [Vue warn]: Hydration attribute mismatch on JSHandle@node 
  - rendered on server: (not rendered)
  - expected on client: slot="actions"
  Note: this mismatch is check-only. The DOM will not be rectified in production due to performance overhead.
  You should fix the source of the mismatch. 
  at <Button slot="actions" variant="primary" size="md"  ... > 
  at <App> @ http://localhost:4321/node_modules/.vite/deps/chunk-6GZIJ5RA.js?v=4f60b946:2404
[  985700ms] [WARNING] [Vue warn]: Hydration attribute mismatch on JSHandle@node 
  - rendered on server: (not rendered)
  - expected on client: slot="actions"
  Note: this mismatch is check-only. The DOM will not be rectified in production due to performance overhead.
  You should fix the source of the mismatch. 
  at <Button slot="actions" variant="secondary" size="md"  ... > 
  at <App> @ http://localhost:4321/node_modules/.vite/deps/chunk-6GZIJ5RA.js?v=4f60b946:2404
[  990498ms] [ERROR] Failed to load resource: the server responded with a status of 504 (Outdated Optimize Dep) @ http://localhost:4321/@id/astro/runtime/client/dev-toolbar/entrypoint.js:0
[  990506ms] [WARNING] [Vue warn]: Hydration attribute mismatch on JSHandle@node 
  - rendered on server: (not rendered)
  - expected on client: slot="actions"
  Note: this mismatch is check-only. The DOM will not be rectified in production due to performance overhead.
  You should fix the source of the mismatch. 
  at <Button slot="actions" variant="secondary" size="md"  ... > 
  at <App> @ http://localhost:4321/node_modules/.vite/deps/chunk-6GZIJ5RA.js?v=4f60b946:2404
[  990506ms] [ERROR] Hydration completed but contains mismatches. @ http://localhost:4321/node_modules/.vite/deps/chunk-6GZIJ5RA.js?v=4f60b946:4240
[  990506ms] [WARNING] [Vue warn]: Hydration attribute mismatch on JSHandle@node 
  - rendered on server: (not rendered)
  - expected on client: slot="actions"
  Note: this mismatch is check-only. The DOM will not be rectified in production due to performance overhead.
  You should fix the source of the mismatch. 
  at <Button slot="actions" variant="secondary" size="md"  ... > 
  at <App> @ http://localhost:4321/node_modules/.vite/deps/chunk-6GZIJ5RA.js?v=4f60b946:2404
[  990507ms] [WARNING] [Vue warn]: Hydration attribute mismatch on JSHandle@node 
  - rendered on server: (not rendered)
  - expected on client: slot="actions"
  Note: this mismatch is check-only. The DOM will not be rectified in production due to performance overhead.
  You should fix the source of the mismatch. 
  at <Button slot="actions" variant="primary" size="md"  ... > 
  at <App> @ http://localhost:4321/node_modules/.vite/deps/chunk-6GZIJ5RA.js?v=4f60b946:2404
[  990507ms] [WARNING] [Vue warn]: Hydration attribute mismatch on JSHandle@node 
  - rendered on server: (not rendered)
  - expected on client: slot="actions"
  Note: this mismatch is check-only. The DOM will not be rectified in production due to performance overhead.
  You should fix the source of the mismatch. 
  at <Button slot="actions" variant="primary" size="md"  ... > 
  at <App> @ http://localhost:4321/node_modules/.vite/deps/chunk-6GZIJ5RA.js?v=4f60b946:2404
[  990507ms] [WARNING] [Vue warn]: Hydration attribute mismatch on JSHandle@node 
  - rendered on server: (not rendered)
  - expected on client: slot="actions"
  Note: this mismatch is check-only. The DOM will not be rectified in production due to performance overhead.
  You should fix the source of the mismatch. 
  at <Button slot="actions" variant="tertiary" size="md"  ... > 
  at <App> @ http://localhost:4321/node_modules/.vite/deps/chunk-6GZIJ5RA.js?v=4f60b946:2404
[  997052ms] [ERROR] Failed to load resource: the server responded with a status of 504 (Outdated Optimize Dep) @ http://localhost:4321/@id/astro/runtime/client/dev-toolbar/entrypoint.js:0
[  997066ms] [WARNING] [Vue warn]: Hydration attribute mismatch on JSHandle@node 
  - rendered on server: (not rendered)
  - expected on client: slot="actions"
  Note: this mismatch is check-only. The DOM will not be rectified in production due to performance overhead.
  You should fix the source of the mismatch. 
  at <Button slot="actions" variant="secondary" size="md"  ... > 
  at <App> @ http://localhost:4321/node_modules/.vite/deps/chunk-6GZIJ5RA.js?v=4f60b946:2404
[  997066ms] [ERROR] Hydration completed but contains mismatches. @ http://localhost:4321/node_modules/.vite/deps/chunk-6GZIJ5RA.js?v=4f60b946:4240
[  997067ms] [WARNING] [Vue warn]: Hydration attribute mismatch on JSHandle@node 
  - rendered on server: (not rendered)
  - expected on client: slot="actions"
  Note: this mismatch is check-only. The DOM will not be rectified in production due to performance overhead.
  You should fix the source of the mismatch. 
  at <Button slot="actions" variant="secondary" size="md"  ... > 
  at <App> @ http://localhost:4321/node_modules/.vite/deps/chunk-6GZIJ5RA.js?v=4f60b946:2404
[  997067ms] [WARNING] [Vue warn]: Hydration attribute mismatch on JSHandle@node 
  - rendered on server: (not rendered)
  - expected on client: slot="actions"
  Note: this mismatch is check-only. The DOM will not be rectified in production due to performance overhead.
  You should fix the source of the mismatch. 
  at <Button slot="actions" variant="primary" size="md"  ... > 
  at <App> @ http://localhost:4321/node_modules/.vite/deps/chunk-6GZIJ5RA.js?v=4f60b946:2404
[  997067ms] [WARNING] [Vue warn]: Hydration attribute mismatch on JSHandle@node 
  - rendered on server: (not rendered)
  - expected on client: slot="actions"
  Note: this mismatch is check-only. The DOM will not be rectified in production due to performance overhead.
  You should fix the source of the mismatch. 
  at <Button slot="actions" variant="tertiary" size="md"  ... > 
  at <App> @ http://localhost:4321/node_modules/.vite/deps/chunk-6GZIJ5RA.js?v=4f60b946:2404
[  997067ms] [WARNING] [Vue warn]: Hydration attribute mismatch on JSHandle@node 
  - rendered on server: (not rendered)
  - expected on client: slot="actions"
  Note: this mismatch is check-only. The DOM will not be rectified in production due to performance overhead.
  You should fix the source of the mismatch. 
  at <Button slot="actions" variant="primary" size="md"  ... > 
  at <App> @ http://localhost:4321/node_modules/.vite/deps/chunk-6GZIJ5RA.js?v=4f60b946:2404
[ 1021985ms] [ERROR] Failed to load resource: the server responded with a status of 504 (Outdated Optimize Dep) @ http://localhost:4321/@id/astro/runtime/client/dev-toolbar/entrypoint.js:0
[ 1022001ms] [WARNING] [Vue warn]: Hydration attribute mismatch on JSHandle@node 
  - rendered on server: (not rendered)
  - expected on client: slot="actions"
  Note: this mismatch is check-only. The DOM will not be rectified in production due to performance overhead.
  You should fix the source of the mismatch. 
  at <Button slot="actions" variant="secondary" size="md"  ... > 
  at <App> @ http://localhost:4321/node_modules/.vite/deps/chunk-6GZIJ5RA.js?v=4f60b946:2404
[ 1022002ms] [ERROR] Hydration completed but contains mismatches. @ http://localhost:4321/node_modules/.vite/deps/chunk-6GZIJ5RA.js?v=4f60b946:4240
[ 1022002ms] [WARNING] [Vue warn]: Hydration attribute mismatch on JSHandle@node 
  - rendered on server: (not rendered)
  - expected on client: slot="actions"
  Note: this mismatch is check-only. The DOM will not be rectified in production due to performance overhead.
  You should fix the source of the mismatch. 
  at <Button slot="actions" variant="primary" size="md"  ... > 
  at <App> @ http://localhost:4321/node_modules/.vite/deps/chunk-6GZIJ5RA.js?v=4f60b946:2404
[ 1022002ms] [WARNING] [Vue warn]: Hydration attribute mismatch on JSHandle@node 
  - rendered on server: (not rendered)
  - expected on client: slot="actions"
  Note: this mismatch is check-only. The DOM will not be rectified in production due to performance overhead.
  You should fix the source of the mismatch. 
  at <Button slot="actions" variant="primary" size="md"  ... > 
  at <App> @ http://localhost:4321/node_modules/.vite/deps/chunk-6GZIJ5RA.js?v=4f60b946:2404
[ 1022002ms] [WARNING] [Vue warn]: Hydration attribute mismatch on JSHandle@node 
  - rendered on server: (not rendered)
  - expected on client: slot="actions"
  Note: this mismatch is check-only. The DOM will not be rectified in production due to performance overhead.
  You should fix the source of the mismatch. 
  at <Button slot="actions" variant="tertiary" size="md"  ... > 
  at <App> @ http://localhost:4321/node_modules/.vite/deps/chunk-6GZIJ5RA.js?v=4f60b946:2404
[ 1022002ms] [WARNING] [Vue warn]: Hydration attribute mismatch on JSHandle@node 
  - rendered on server: (not rendered)
  - expected on client: slot="actions"
  Note: this mismatch is check-only. The DOM will not be rectified in production due to performance overhead.
  You should fix the source of the mismatch. 
  at <Button slot="actions" variant="secondary" size="md"  ... > 
  at <App> @ http://localhost:4321/node_modules/.vite/deps/chunk-6GZIJ5RA.js?v=4f60b946:2404
[ 1657422ms] [ERROR] Failed to load resource: the server responded with a status of 504 (Outdated Optimize Dep) @ http://localhost:4321/@id/astro/runtime/client/dev-toolbar/entrypoint.js:0
[ 1657433ms] [WARNING] [Vue warn]: Hydration attribute mismatch on JSHandle@node 
  - rendered on server: (not rendered)
  - expected on client: slot="actions"
  Note: this mismatch is check-only. The DOM will not be rectified in production due to performance overhead.
  You should fix the source of the mismatch. 
  at <Button slot="actions" variant="primary" size="md"  ... > 
  at <App> @ http://localhost:4321/node_modules/.vite/deps/chunk-6GZIJ5RA.js?v=4f60b946:2404
[ 1657433ms] [ERROR] Hydration completed but contains mismatches. @ http://localhost:4321/node_modules/.vite/deps/chunk-6GZIJ5RA.js?v=4f60b946:4240
[ 1657434ms] [WARNING] [Vue warn]: Hydration attribute mismatch on JSHandle@node 
  - rendered on server: (not rendered)
  - expected on client: slot="actions"
  Note: this mismatch is check-only. The DOM will not be rectified in production due to performance overhead.
  You should fix the source of the mismatch. 
  at <Button slot="actions" variant="primary" size="md"  ... > 
  at <App> @ http://localhost:4321/node_modules/.vite/deps/chunk-6GZIJ5RA.js?v=4f60b946:2404
[ 1657434ms] [WARNING] [Vue warn]: Hydration attribute mismatch on JSHandle@node 
  - rendered on server: (not rendered)
  - expected on client: slot="actions"
  Note: this mismatch is check-only. The DOM will not be rectified in production due to performance overhead.
  You should fix the source of the mismatch. 
  at <Button slot="actions" variant="tertiary" size="md"  ... > 
  at <App> @ http://localhost:4321/node_modules/.vite/deps/chunk-6GZIJ5RA.js?v=4f60b946:2404
[ 1657434ms] [WARNING] [Vue warn]: Hydration attribute mismatch on JSHandle@node 
  - rendered on server: (not rendered)
  - expected on client: slot="actions"
  Note: this mismatch is check-only. The DOM will not be rectified in production due to performance overhead.
  You should fix the source of the mismatch. 
  at <Button slot="actions" variant="secondary" size="md"  ... > 
  at <App> @ http://localhost:4321/node_modules/.vite/deps/chunk-6GZIJ5RA.js?v=4f60b946:2404
[ 1657434ms] [WARNING] [Vue warn]: Hydration attribute mismatch on JSHandle@node 
  - rendered on server: (not rendered)
  - expected on client: slot="actions"
  Note: this mismatch is check-only. The DOM will not be rectified in production due to performance overhead.
  You should fix the source of the mismatch. 
  at <Button slot="actions" variant="secondary" size="md"  ... > 
  at <App> @ http://localhost:4321/node_modules/.vite/deps/chunk-6GZIJ5RA.js?v=4f60b946:2404
[ 1659560ms] [ERROR] Failed to load resource: the server responded with a status of 504 (Outdated Optimize Dep) @ http://localhost:4321/@id/astro/runtime/client/dev-toolbar/entrypoint.js:0
[ 1659575ms] [WARNING] [Vue warn]: Hydration attribute mismatch on JSHandle@node 
  - rendered on server: (not rendered)
  - expected on client: slot="actions"
  Note: this mismatch is check-only. The DOM will not be rectified in production due to performance overhead.
  You should fix the source of the mismatch. 
  at <Button slot="actions" variant="primary" size="md"  ... > 
  at <App> @ http://localhost:4321/node_modules/.vite/deps/chunk-6GZIJ5RA.js?v=4f60b946:2404
[ 1659575ms] [ERROR] Hydration completed but contains mismatches. @ http://localhost:4321/node_modules/.vite/deps/chunk-6GZIJ5RA.js?v=4f60b946:4240
[ 1659576ms] [WARNING] [Vue warn]: Hydration attribute mismatch on JSHandle@node 
  - rendered on server: (not rendered)
  - expected on client: slot="actions"
  Note: this mismatch is check-only. The DOM will not be rectified in production due to performance overhead.
  You should fix the source of the mismatch. 
  at <Button slot="actions" variant="secondary" size="md"  ... > 
  at <App> @ http://localhost:4321/node_modules/.vite/deps/chunk-6GZIJ5RA.js?v=4f60b946:2404
[ 1659576ms] [WARNING] [Vue warn]: Hydration attribute mismatch on JSHandle@node 
  - rendered on server: (not rendered)
  - expected on client: slot="actions"
  Note: this mismatch is check-only. The DOM will not be rectified in production due to performance overhead.
  You should fix the source of the mismatch. 
  at <Button slot="actions" variant="tertiary" size="md"  ... > 
  at <App> @ http://localhost:4321/node_modules/.vite/deps/chunk-6GZIJ5RA.js?v=4f60b946:2404
[ 1659576ms] [WARNING] [Vue warn]: Hydration attribute mismatch on JSHandle@node 
  - rendered on server: (not rendered)
  - expected on client: slot="actions"
  Note: this mismatch is check-only. The DOM will not be rectified in production due to performance overhead.
  You should fix the source of the mismatch. 
  at <Button slot="actions" variant="primary" size="md"  ... > 
  at <App> @ http://localhost:4321/node_modules/.vite/deps/chunk-6GZIJ5RA.js?v=4f60b946:2404
[ 1659577ms] [WARNING] [Vue warn]: Hydration attribute mismatch on JSHandle@node 
  - rendered on server: (not rendered)
  - expected on client: slot="actions"
  Note: this mismatch is check-only. The DOM will not be rectified in production due to performance overhead.
  You should fix the source of the mismatch. 
  at <Button slot="actions" variant="secondary" size="md"  ... > 
  at <App> @ http://localhost:4321/node_modules/.vite/deps/chunk-6GZIJ5RA.js?v=4f60b946:2404
[ 1675336ms] [ERROR] Failed to load resource: the server responded with a status of 504 (Outdated Optimize Dep) @ http://localhost:4321/@id/astro/runtime/client/dev-toolbar/entrypoint.js:0
[ 1675352ms] [WARNING] [Vue warn]: Hydration attribute mismatch on JSHandle@node 
  - rendered on server: (not rendered)
  - expected on client: slot="actions"
  Note: this mismatch is check-only. The DOM will not be rectified in production due to performance overhead.
  You should fix the source of the mismatch. 
  at <Button slot="actions" variant="secondary" size="md"  ... > 
  at <App> @ http://localhost:4321/node_modules/.vite/deps/chunk-6GZIJ5RA.js?v=4f60b946:2404
[ 1675352ms] [ERROR] Hydration completed but contains mismatches. @ http://localhost:4321/node_modules/.vite/deps/chunk-6GZIJ5RA.js?v=4f60b946:4240
[ 1675353ms] [WARNING] [Vue warn]: Hydration attribute mismatch on JSHandle@node 
  - rendered on server: (not rendered)
  - expected on client: slot="actions"
  Note: this mismatch is check-only. The DOM will not be rectified in production due to performance overhead.
  You should fix the source of the mismatch. 
  at <Button slot="actions" variant="tertiary" size="md"  ... > 
  at <App> @ http://localhost:4321/node_modules/.vite/deps/chunk-6GZIJ5RA.js?v=4f60b946:2404
[ 1675353ms] [WARNING] [Vue warn]: Hydration attribute mismatch on JSHandle@node 
  - rendered on server: (not rendered)
  - expected on client: slot="actions"
  Note: this mismatch is check-only. The DOM will not be rectified in production due to performance overhead.
  You should fix the source of the mismatch. 
  at <Button slot="actions" variant="secondary" size="md"  ... > 
  at <App> @ http://localhost:4321/node_modules/.vite/deps/chunk-6GZIJ5RA.js?v=4f60b946:2404
[ 1675353ms] [WARNING] [Vue warn]: Hydration attribute mismatch on JSHandle@node 
  - rendered on server: (not rendered)
  - expected on client: slot="actions"
  Note: this mismatch is check-only. The DOM will not be rectified in production due to performance overhead.
  You should fix the source of the mismatch. 
  at <Button slot="actions" variant="primary" size="md"  ... > 
  at <App> @ http://localhost:4321/node_modules/.vite/deps/chunk-6GZIJ5RA.js?v=4f60b946:2404
[ 1675353ms] [WARNING] [Vue warn]: Hydration attribute mismatch on JSHandle@node 
  - rendered on server: (not rendered)
  - expected on client: slot="actions"
  Note: this mismatch is check-only. The DOM will not be rectified in production due to performance overhead.
  You should fix the source of the mismatch. 
  at <Button slot="actions" variant="primary" size="md"  ... > 
  at <App> @ http://localhost:4321/node_modules/.vite/deps/chunk-6GZIJ5RA.js?v=4f60b946:2404
[ 1685311ms] [ERROR] Failed to load resource: the server responded with a status of 504 (Outdated Optimize Dep) @ http://localhost:4321/@id/astro/runtime/client/dev-toolbar/entrypoint.js:0
[ 1685327ms] [WARNING] [Vue warn]: Hydration attribute mismatch on JSHandle@node 
  - rendered on server: (not rendered)
  - expected on client: slot="actions"
  Note: this mismatch is check-only. The DOM will not be rectified in production due to performance overhead.
  You should fix the source of the mismatch. 
  at <Button slot="actions" variant="secondary" size="md"  ... > 
  at <App> @ http://localhost:4321/node_modules/.vite/deps/chunk-6GZIJ5RA.js?v=4f60b946:2404
[ 1685328ms] [ERROR] Hydration completed but contains mismatches. @ http://localhost:4321/node_modules/.vite/deps/chunk-6GZIJ5RA.js?v=4f60b946:4240
[ 1685328ms] [WARNING] [Vue warn]: Hydration attribute mismatch on JSHandle@node 
  - rendered on server: (not rendered)
  - expected on client: slot="actions"
  Note: this mismatch is check-only. The DOM will not be rectified in production due to performance overhead.
  You should fix the source of the mismatch. 
  at <Button slot="actions" variant="secondary" size="md"  ... > 
  at <App> @ http://localhost:4321/node_modules/.vite/deps/chunk-6GZIJ5RA.js?v=4f60b946:2404
[ 1685328ms] [WARNING] [Vue warn]: Hydration attribute mismatch on JSHandle@node 
  - rendered on server: (not rendered)
  - expected on client: slot="actions"
  Note: this mismatch is check-only. The DOM will not be rectified in production due to performance overhead.
  You should fix the source of the mismatch. 
  at <Button slot="actions" variant="primary" size="md"  ... > 
  at <App> @ http://localhost:4321/node_modules/.vite/deps/chunk-6GZIJ5RA.js?v=4f60b946:2404
[ 1685328ms] [WARNING] [Vue warn]: Hydration attribute mismatch on JSHandle@node 
  - rendered on server: (not rendered)
  - expected on client: slot="actions"
  Note: this mismatch is check-only. The DOM will not be rectified in production due to performance overhead.
  You should fix the source of the mismatch. 
  at <Button slot="actions" variant="tertiary" size="md"  ... > 
  at <App> @ http://localhost:4321/node_modules/.vite/deps/chunk-6GZIJ5RA.js?v=4f60b946:2404
[ 1685328ms] [WARNING] [Vue warn]: Hydration attribute mismatch on JSHandle@node 
  - rendered on server: (not rendered)
  - expected on client: slot="actions"
  Note: this mismatch is check-only. The DOM will not be rectified in production due to performance overhead.
  You should fix the source of the mismatch. 
  at <Button slot="actions" variant="primary" size="md"  ... > 
  at <App> @ http://localhost:4321/node_modules/.vite/deps/chunk-6GZIJ5RA.js?v=4f60b946:2404
[ 1923367ms] [LOG] [vite] server connection lost. Polling for restart... @ http://localhost:4321/@vite/client:1598
[ 1923464ms] [ERROR] Failed to load resource: the server responded with a status of 504 (Outdated Optimize Dep) @ http://localhost:4321/@id/astro/runtime/client/dev-toolbar/entrypoint.js:0
[ 1923477ms] [WARNING] [Vue warn]: Hydration attribute mismatch on JSHandle@node 
  - rendered on server: (not rendered)
  - expected on client: slot="actions"
  Note: this mismatch is check-only. The DOM will not be rectified in production due to performance overhead.
  You should fix the source of the mismatch. 
  at <Button slot="actions" variant="secondary" size="md"  ... > 
  at <App> @ http://localhost:4321/node_modules/.vite/deps/chunk-6GZIJ5RA.js?v=4f60b946:2404
[ 1923477ms] [ERROR] Hydration completed but contains mismatches. @ http://localhost:4321/node_modules/.vite/deps/chunk-6GZIJ5RA.js?v=4f60b946:4240
[ 1923477ms] [WARNING] [Vue warn]: Hydration attribute mismatch on JSHandle@node 
  - rendered on server: (not rendered)
  - expected on client: slot="actions"
  Note: this mismatch is check-only. The DOM will not be rectified in production due to performance overhead.
  You should fix the source of the mismatch. 
  at <Button slot="actions" variant="primary" size="md"  ... > 
  at <App> @ http://localhost:4321/node_modules/.vite/deps/chunk-6GZIJ5RA.js?v=4f60b946:2404
[ 1923477ms] [WARNING] [Vue warn]: Hydration attribute mismatch on JSHandle@node 
  - rendered on server: (not rendered)
  - expected on client: slot="actions"
  Note: this mismatch is check-only. The DOM will not be rectified in production due to performance overhead.
  You should fix the source of the mismatch. 
  at <Button slot="actions" variant="secondary" size="md"  ... > 
  at <App> @ http://localhost:4321/node_modules/.vite/deps/chunk-6GZIJ5RA.js?v=4f60b946:2404
[ 1923477ms] [WARNING] [Vue warn]: Hydration attribute mismatch on JSHandle@node 
  - rendered on server: (not rendered)
  - expected on client: slot="actions"
  Note: this mismatch is check-only. The DOM will not be rectified in production due to performance overhead.
  You should fix the source of the mismatch. 
  at <Button slot="actions" variant="primary" size="md"  ... > 
  at <App> @ http://localhost:4321/node_modules/.vite/deps/chunk-6GZIJ5RA.js?v=4f60b946:2404
[ 1923478ms] [WARNING] [Vue warn]: Hydration attribute mismatch on JSHandle@node 
  - rendered on server: (not rendered)
  - expected on client: slot="actions"
  Note: this mismatch is check-only. The DOM will not be rectified in production due to performance overhead.
  You should fix the source of the mismatch. 
  at <Button slot="actions" variant="tertiary" size="md"  ... > 
  at <App> @ http://localhost:4321/node_modules/.vite/deps/chunk-6GZIJ5RA.js?v=4f60b946:2404
[ 3540124ms] [LOG] [vite] server connection lost. Polling for restart... @ http://localhost:4321/@vite/client:1598
[ 3586339ms] [WARNING] [Vue warn]: Hydration attribute mismatch on JSHandle@node 
  - rendered on server: (not rendered)
  - expected on client: slot="actions"
  Note: this mismatch is check-only. The DOM will not be rectified in production due to performance overhead.
  You should fix the source of the mismatch. 
  at <Button slot="actions" variant="secondary" size="md"  ... > 
  at <App> @ http://localhost:4321/node_modules/.vite/deps/chunk-6GZIJ5RA.js?v=731ee498:2404
[ 3586339ms] [ERROR] Hydration completed but contains mismatches. @ http://localhost:4321/node_modules/.vite/deps/chunk-6GZIJ5RA.js?v=731ee498:4240
[ 3586339ms] [WARNING] [Vue warn]: Hydration attribute mismatch on JSHandle@node 
  - rendered on server: (not rendered)
  - expected on client: slot="actions"
  Note: this mismatch is check-only. The DOM will not be rectified in production due to performance overhead.
  You should fix the source of the mismatch. 
  at <Button slot="actions" variant="primary" size="md"  ... > 
  at <App> @ http://localhost:4321/node_modules/.vite/deps/chunk-6GZIJ5RA.js?v=731ee498:2404
[ 3586340ms] [WARNING] [Vue warn]: Hydration attribute mismatch on JSHandle@node 
  - rendered on server: (not rendered)
  - expected on client: slot="actions"
  Note: this mismatch is check-only. The DOM will not be rectified in production due to performance overhead.
  You should fix the source of the mismatch. 
  at <Button slot="actions" variant="primary" size="md"  ... > 
  at <App> @ http://localhost:4321/node_modules/.vite/deps/chunk-6GZIJ5RA.js?v=731ee498:2404
[ 3586340ms] [WARNING] [Vue warn]: Hydration attribute mismatch on JSHandle@node 
  - rendered on server: (not rendered)
  - expected on client: slot="actions"
  Note: this mismatch is check-only. The DOM will not be rectified in production due to performance overhead.
  You should fix the source of the mismatch. 
  at <Button slot="actions" variant="tertiary" size="md"  ... > 
  at <App> @ http://localhost:4321/node_modules/.vite/deps/chunk-6GZIJ5RA.js?v=731ee498:2404
[ 3586340ms] [WARNING] [Vue warn]: Hydration attribute mismatch on JSHandle@node 
  - rendered on server: (not rendered)
  - expected on client: slot="actions"
  Note: this mismatch is check-only. The DOM will not be rectified in production due to performance overhead.
  You should fix the source of the mismatch. 
  at <Button slot="actions" variant="secondary" size="md"  ... > 
  at <App> @ http://localhost:4321/node_modules/.vite/deps/chunk-6GZIJ5RA.js?v=731ee498:2404
[ 3616264ms] [ERROR] Failed to load resource: the server responded with a status of 504 (Outdated Optimize Dep) @ http://localhost:4321/@id/astro/runtime/client/dev-toolbar/entrypoint.js:0
[ 3616301ms] [WARNING] [Vue warn]: Hydration attribute mismatch on JSHandle@node 
  - rendered on server: (not rendered)
  - expected on client: slot="actions"
  Note: this mismatch is check-only. The DOM will not be rectified in production due to performance overhead.
  You should fix the source of the mismatch. 
  at <Button slot="actions" variant="primary" size="md"  ... > 
  at <App> @ http://localhost:4321/node_modules/.vite/deps/chunk-6GZIJ5RA.js?v=4f60b946:2404
[ 3616301ms] [ERROR] Hydration completed but contains mismatches. @ http://localhost:4321/node_modules/.vite/deps/chunk-6GZIJ5RA.js?v=4f60b946:4240
[ 3616302ms] [WARNING] [Vue warn]: Hydration attribute mismatch on JSHandle@node 
  - rendered on server: (not rendered)
  - expected on client: slot="actions"
  Note: this mismatch is check-only. The DOM will not be rectified in production due to performance overhead.
  You should fix the source of the mismatch. 
  at <Button slot="actions" variant="secondary" size="md"  ... > 
  at <App> @ http://localhost:4321/node_modules/.vite/deps/chunk-6GZIJ5RA.js?v=4f60b946:2404
[ 3616302ms] [WARNING] [Vue warn]: Hydration attribute mismatch on JSHandle@node 
  - rendered on server: (not rendered)
  - expected on client: slot="actions"
  Note: this mismatch is check-only. The DOM will not be rectified in production due to performance overhead.
  You should fix the source of the mismatch. 
  at <Button slot="actions" variant="primary" size="md"  ... > 
  at <App> @ http://localhost:4321/node_modules/.vite/deps/chunk-6GZIJ5RA.js?v=4f60b946:2404
[ 3616302ms] [WARNING] [Vue warn]: Hydration attribute mismatch on JSHandle@node 
  - rendered on server: (not rendered)
  - expected on client: slot="actions"
  Note: this mismatch is check-only. The DOM will not be rectified in production due to performance overhead.
  You should fix the source of the mismatch. 
  at <Button slot="actions" variant="tertiary" size="md"  ... > 
  at <App> @ http://localhost:4321/node_modules/.vite/deps/chunk-6GZIJ5RA.js?v=4f60b946:2404
[ 3616302ms] [WARNING] [Vue warn]: Hydration attribute mismatch on JSHandle@node 
  - rendered on server: (not rendered)
  - expected on client: slot="actions"
  Note: this mismatch is check-only. The DOM will not be rectified in production due to performance overhead.
  You should fix the source of the mismatch. 
  at <Button slot="actions" variant="secondary" size="md"  ... > 
  at <App> @ http://localhost:4321/node_modules/.vite/deps/chunk-6GZIJ5RA.js?v=4f60b946:2404
[ 3724577ms] [ERROR] Failed to load resource: the server responded with a status of 504 (Outdated Optimize Dep) @ http://localhost:4321/@id/astro/runtime/client/dev-toolbar/entrypoint.js:0
[ 3724592ms] [WARNING] [Vue warn]: Hydration attribute mismatch on JSHandle@node 
  - rendered on server: (not rendered)
  - expected on client: slot="actions"
  Note: this mismatch is check-only. The DOM will not be rectified in production due to performance overhead.
  You should fix the source of the mismatch. 
  at <Button slot="actions" variant="secondary" size="md"  ... > 
  at <App> @ http://localhost:4321/node_modules/.vite/deps/chunk-6GZIJ5RA.js?v=4f60b946:2404
[ 3724592ms] [ERROR] Hydration completed but contains mismatches. @ http://localhost:4321/node_modules/.vite/deps/chunk-6GZIJ5RA.js?v=4f60b946:4240
[ 3724593ms] [WARNING] [Vue warn]: Hydration attribute mismatch on JSHandle@node 
  - rendered on server: (not rendered)
  - expected on client: slot="actions"
  Note: this mismatch is check-only. The DOM will not be rectified in production due to performance overhead.
  You should fix the source of the mismatch. 
  at <Button slot="actions" variant="tertiary" size="md"  ... > 
  at <App> @ http://localhost:4321/node_modules/.vite/deps/chunk-6GZIJ5RA.js?v=4f60b946:2404
[ 3724593ms] [WARNING] [Vue warn]: Hydration attribute mismatch on JSHandle@node 
  - rendered on server: (not rendered)
  - expected on client: slot="actions"
  Note: this mismatch is check-only. The DOM will not be rectified in production due to performance overhead.
  You should fix the source of the mismatch. 
  at <Button slot="actions" variant="secondary" size="md"  ... > 
  at <App> @ http://localhost:4321/node_modules/.vite/deps/chunk-6GZIJ5RA.js?v=4f60b946:2404
[ 3724593ms] [WARNING] [Vue warn]: Hydration attribute mismatch on JSHandle@node 
  - rendered on server: (not rendered)
  - expected on client: slot="actions"
  Note: this mismatch is check-only. The DOM will not be rectified in production due to performance overhead.
  You should fix the source of the mismatch. 
  at <Button slot="actions" variant="primary" size="md"  ... > 
  at <App> @ http://localhost:4321/node_modules/.vite/deps/chunk-6GZIJ5RA.js?v=4f60b946:2404
[ 3724593ms] [WARNING] [Vue warn]: Hydration attribute mismatch on JSHandle@node 
  - rendered on server: (not rendered)
  - expected on client: slot="actions"
  Note: this mismatch is check-only. The DOM will not be rectified in production due to performance overhead.
  You should fix the source of the mismatch. 
  at <Button slot="actions" variant="primary" size="md"  ... > 
  at <App> @ http://localhost:4321/node_modules/.vite/deps/chunk-6GZIJ5RA.js?v=4f60b946:2404
