[upload] endpoint=https://294d3965b7100cc2d62ccf8cd24c588a.r2.cloudflarestorage.com  bucket=boholz-assets  assets=43
[upload] FAIL images/landing/uebersicht/lifestyle-01.webp: PUT images/landing/uebersicht/lifestyle-01.webp -> 404: <?xml version="1.0" encoding="UTF-8"?><Error><Code>NoSuchBucket</Code><Message>The specified bucket does not exist.</Message></Error>
[upload] FAIL images/landing/uebersicht/lifestyle-02.webp: PUT images/landing/uebersicht/lifestyle-02.webp -> 404: <?xml version="1.0" encoding="UTF-8"?><Error><Code>NoSuchBucket</Code><Message>The specified bucket does not exist.</Message></Error>
[upload] FAIL images/landing/uebersicht/lifestyle-03.webp: PUT images/landing/uebersicht/lifestyle-03.webp -> 404: <?xml version="1.0" encoding="UTF-8"?><Error><Code>NoSuchBucket</Code><Message>The specified bucket does not exist.</Message></Error>
[upload] FAIL images/landing/uebersicht/lifestyle-04.webp: PUT images/landing/uebersicht/lifestyle-04.webp -> 404: <?xml version="1.0" encoding="UTF-8"?><Error><Code>NoSuchBucket</Code><Message>The specified bucket does not exist.</Message></Error>
[upload] FAIL images/landing/uebersicht/lifestyle-05.webp: PUT images/landing/uebersicht/lifestyle-05.webp -> 404: <?xml version="1.0" encoding="UTF-8"?><Error><Code>NoSuchBucket</Code><Message>The specified bucket does not exist.</Message></Error>
[upload] FAIL images/landing/uebersicht/lifestyle-06.webp: PUT images/landing/uebersicht/lifestyle-06.webp -> 404: <?xml version="1.0" encoding="UTF-8"?><Error><Code>NoSuchBucket</Code><Message>The specified bucket does not exist.</Message></Error>
[upload] FAIL images/landing/bungalow/hero.webp: PUT images/landing/bungalow/hero.webp -> 404: <?xml version="1.0" encoding="UTF-8"?><Error><Code>NoSuchBucket</Code><Message>The specified bucket does not exist.</Message></Error>
[upload] FAIL images/landing/mehrfamilien/lifestyle-03.webp: PUT images/landing/mehrfamilien/lifestyle-03.webp -> 404: <?xml version="1.0" encoding="UTF-8"?><Error><Code>NoSuchBucket</Code><Message>The specified bucket does not exist.</Message></Error>
[upload] FAIL images/landing/zwei-starke-partner/hero.webp: PUT images/landing/zwei-starke-partner/hero.webp -> 404: <?xml version="1.0" encoding="UTF-8"?><Error><Code>NoSuchBucket</Code><Message>The specified bucket does not exist.</Message></Error>
[upload] FAIL images/showhouses/bad-vilbel/hero.webp: PUT images/showhouses/bad-vilbel/hero.webp -> 404: <?xml version="1.0" encoding="UTF-8"?><Error><Code>NoSuchBucket</Code><Message>The specified bucket does not exist.</Message></Error>
[upload] FAIL images/showhouses/bad-vilbel/gallery/exterior-01.webp: PUT images/showhouses/bad-vilbel/gallery/exterior-01.webp -> 404: <?xml version="1.0" encoding="UTF-8"?><Error><Code>NoSuchBucket</Code><Message>The specified bucket does not exist.</Message></Error>
[upload] FAIL images/showhouses/bad-vilbel/gallery/interior-04.webp: PUT images/showhouses/bad-vilbel/gallery/interior-04.webp -> 404: <?xml version="1.0" encoding="UTF-8"?><Error><Code>NoSuchBucket</Code><Message>The specified bucket does not exist.</Message></Error>
[upload] FAIL images/showhouses/bad-vilbel/gallery/interior-05.webp: PUT images/showhouses/bad-vilbel/gallery/interior-05.webp -> 404: <?xml version="1.0" encoding="UTF-8"?><Error><Code>NoSuchBucket</Code><Message>The specified bucket does not exist.</Message></Error>
[upload] FAIL images/showhouses/bad-vilbel/gallery/interior-06.webp: PUT images/showhouses/bad-vilbel/gallery/interior-06.webp -> 404: <?xml version="1.0" encoding="UTF-8"?><Error><Code>NoSuchBucket</Code><Message>The specified bucket does not exist.</Message></Error>
[upload] FAIL images/showhouses/bad-vilbel/gallery/interior-07.webp: PUT images/showhouses/bad-vilbel/gallery/interior-07.webp -> 404: <?xml version="1.0" encoding="UTF-8"?><Error><Code>NoSuchBucket</Code><Message>The specified bucket does not exist.</Message></Error>
[upload] FAIL images/showhouses/bad-vilbel/plans/plan-02.webp: PUT images/showhouses/bad-vilbel/plans/plan-02.webp -> 404: <?xml version="1.0" encoding="UTF-8"?><Error><Code>NoSuchBucket</Code><Message>The specified bucket does not exist.</Message></Error>
[upload] FAIL images/showhouses/bad-vilbel/plans/plan-03.webp: PUT images/showhouses/bad-vilbel/plans/plan-03.webp -> 404: <?xml version="1.0" encoding="UTF-8"?><Error><Code>NoSuchBucket</Code><Message>The specified bucket does not exist.</Message></Error>
[upload] FAIL images/showhouses/fellbach/hero.webp: PUT images/showhouses/fellbach/hero.webp -> 404: <?xml version="1.0" encoding="UTF-8"?><Error><Code>NoSuchBucket</Code><Message>The specified bucket does not exist.</Message></Error>
[upload] FAIL images/showhouses/fellbach/gallery/exterior-01.webp: PUT images/showhouses/fellbach/gallery/exterior-01.webp -> 404: <?xml version="1.0" encoding="UTF-8"?><Error><Code>NoSuchBucket</Code><Message>The specified bucket does not exist.</Message></Error>
[upload] FAIL images/showhouses/fellbach/gallery/interior-02.webp: PUT images/showhouses/fellbach/gallery/interior-02.webp -> 404: <?xml version="1.0" encoding="UTF-8"?><Error><Code>NoSuchBucket</Code><Message>The specified bucket does not exist.</Message></Error>
[upload] FAIL images/showhouses/fellbach/gallery/interior-03.webp: PUT images/showhouses/fellbach/gallery/interior-03.webp -> 404: <?xml version="1.0" encoding="UTF-8"?><Error><Code>NoSuchBucket</Code><Message>The specified bucket does not exist.</Message></Error>
[upload] FAIL images/showhouses/fellbach/gallery/interior-04.webp: PUT images/showhouses/fellbach/gallery/interior-04.webp -> 404: <?xml version="1.0" encoding="UTF-8"?><Error><Code>NoSuchBucket</Code><Message>The specified bucket does not exist.</Message></Error>
[upload] FAIL images/showhouses/fellbach/gallery/interior-05.webp: PUT images/showhouses/fellbach/gallery/interior-05.webp -> 404: <?xml version="1.0" encoding="UTF-8"?><Error><Code>NoSuchBucket</Code><Message>The specified bucket does not exist.</Message></Error>
[upload] FAIL images/showhouses/fellbach/gallery/interior-06.webp: PUT images/showhouses/fellbach/gallery/interior-06.webp -> 404: <?xml version="1.0" encoding="UTF-8"?><Error><Code>NoSuchBucket</Code><Message>The specified bucket does not exist.</Message></Error>
[upload] FAIL images/showhouses/fellbach/gallery/interior-07.webp: PUT images/showhouses/fellbach/gallery/interior-07.webp -> 404: <?xml version="1.0" encoding="UTF-8"?><Error><Code>NoSuchBucket</Code><Message>The specified bucket does not exist.</Message></Error>
[upload] FAIL images/showhouses/fellbach/gallery/interior-08.webp: PUT images/showhouses/fellbach/gallery/interior-08.webp -> 404: <?xml version="1.0" encoding="UTF-8"?><Error><Code>NoSuchBucket</Code><Message>The specified bucket does not exist.</Message></Error>
[upload] FAIL images/showhouses/fellbach/gallery/interior-09.webp: PUT images/showhouses/fellbach/gallery/interior-09.webp -> 404: <?xml version="1.0" encoding="UTF-8"?><Error><Code>NoSuchBucket</Code><Message>The specified bucket does not exist.</Message></Error>
[upload] FAIL images/showhouses/fellbach/gallery/interior-10.webp: PUT images/showhouses/fellbach/gallery/interior-10.webp -> 404: <?xml version="1.0" encoding="UTF-8"?><Error><Code>NoSuchBucket</Code><Message>The specified bucket does not exist.</Message></Error>
[upload] FAIL images/news/april-samstag-13-06-2026-werksfuehrung-bei-keitel-haus/cover.webp: PUT images/news/april-samstag-13-06-2026-werksfuehrung-bei-keitel-haus/cover.webp -> 404: <?xml version="1.0" encoding="UTF-8"?><Error><Code>NoSuchBucket</Code><Message>The specified bucket does not exist.</Message></Error>
[upload] FAIL images/news/mai-samstag-02-05-2026-werksfuehrung-bei-keitel-haus/cover.webp: PUT images/news/mai-samstag-02-05-2026-werksfuehrung-bei-keitel-haus/cover.webp -> 404: <?xml version="1.0" encoding="UTF-8"?><Error><Code>NoSuchBucket</Code><Message>The specified bucket does not exist.</Message></Error>
[upload] FAIL images/news/april-2026-stelltermin-in-steinheim-a-d-murr/cover.webp: PUT images/news/april-2026-stelltermin-in-steinheim-a-d-murr/cover.webp -> 404: <?xml version="1.0" encoding="UTF-8"?><Error><Code>NoSuchBucket</Code><Message>The specified bucket does not exist.</Message></Error>
[upload] FAIL images/content/bauphasen/hero.webp: PUT images/content/bauphasen/hero.webp -> 404: <?xml version="1.0" encoding="UTF-8"?><Error><Code>NoSuchBucket</Code><Message>The specified bucket does not exist.</Message></Error>
[upload] FAIL images/content/bauphasen/phase-01-grundstein.webp: PUT images/content/bauphasen/phase-01-grundstein.webp -> 404: <?xml version="1.0" encoding="UTF-8"?><Error><Code>NoSuchBucket</Code><Message>The specified bucket does not exist.</Message></Error>
[upload] FAIL images/content/bauphasen/phase-02-traeume.webp: PUT images/content/bauphasen/phase-02-traeume.webp -> 404: <?xml version="1.0" encoding="UTF-8"?><Error><Code>NoSuchBucket</Code><Message>The specified bucket does not exist.</Message></Error>
[upload] FAIL images/content/bauphasen/phase-03-bauphase.webp: PUT images/content/bauphasen/phase-03-bauphase.webp -> 404: <?xml version="1.0" encoding="UTF-8"?><Error><Code>NoSuchBucket</Code><Message>The specified bucket does not exist.</Message></Error>
[upload] FAIL images/content/advantage/holzfaserdaemmung/hero.webp: PUT images/content/advantage/holzfaserdaemmung/hero.webp -> 404: <?xml version="1.0" encoding="UTF-8"?><Error><Code>NoSuchBucket</Code><Message>The specified bucket does not exist.</Message></Error>
[upload] FAIL images/content/advantage/holzfaserdaemmung/sommer.webp: PUT images/content/advantage/holzfaserdaemmung/sommer.webp -> 404: <?xml version="1.0" encoding="UTF-8"?><Error><Code>NoSuchBucket</Code><Message>The specified bucket does not exist.</Message></Error>
[upload] FAIL images/content/advantage/holzfaserdaemmung/winter.webp: PUT images/content/advantage/holzfaserdaemmung/winter.webp -> 404: <?xml version="1.0" encoding="UTF-8"?><Error><Code>NoSuchBucket</Code><Message>The specified bucket does not exist.</Message></Error>
[upload] FAIL images/content/advantage/nachhaltigkeit/hero.webp: PUT images/content/advantage/nachhaltigkeit/hero.webp -> 404: <?xml version="1.0" encoding="UTF-8"?><Error><Code>NoSuchBucket</Code><Message>The specified bucket does not exist.</Message></Error>
[upload] FAIL images/content/advantage/nachhaltigkeit/video-poster.webp: PUT images/content/advantage/nachhaltigkeit/video-poster.webp -> 404: <?xml version="1.0" encoding="UTF-8"?><Error><Code>NoSuchBucket</Code><Message>The specified bucket does not exist.</Message></Error>
[upload] FAIL images/content/advantage/wandaufbau/hero.webp: PUT images/content/advantage/wandaufbau/hero.webp -> 404: <?xml version="1.0" encoding="UTF-8"?><Error><Code>NoSuchBucket</Code><Message>The specified bucket does not exist.</Message></Error>
[upload] FAIL images/content/advantage/wandaufbau/wandaufbau-links.webp: PUT images/content/advantage/wandaufbau/wandaufbau-links.webp -> 404: <?xml version="1.0" encoding="UTF-8"?><Error><Code>NoSuchBucket</Code><Message>The specified bucket does not exist.</Message></Error>
[upload] FAIL images/content/advantage/wandaufbau/wandaufbau-rechts.webp: PUT images/content/advantage/wandaufbau/wandaufbau-rechts.webp -> 404: <?xml version="1.0" encoding="UTF-8"?><Error><Code>NoSuchBucket</Code><Message>The specified bucket does not exist.</Message></Error>
[upload] wrote C:\Users\m\Developer\Boholz\boholz-haus-frontend\design-audit\wp-inventory\MANIFEST-UPLOADED.json
[upload] uploaded=0 cached=0 failed=43
